2025-09-21 09:58:30,387 [background-preinit] INFO  o.h.validator.internal.util.Version - HV000001: Hibernate Validator 8.0.3.Final
2025-09-21 09:58:30,436 [background-preinit] DEBUG o.h.v.i.x.config.ValidationXmlParser - Trying to load META-INF/validation.xml for XML based Validator configuration.
2025-09-21 09:58:30,438 [background-preinit] DEBUG o.h.v.i.x.c.ResourceLoaderHelper - Trying to load META-INF/validation.xml via TCCL
2025-09-21 09:58:30,439 [background-preinit] DEBUG o.h.v.i.x.c.ResourceLoaderHelper - Trying to load META-INF/validation.xml via Hibernate Validator's class loader
2025-09-21 09:58:30,440 [background-preinit] DEBUG o.h.v.i.x.config.ValidationXmlParser - No META-INF/validation.xml found. Using annotation based configuration only.
2025-09-21 09:58:30,455 [background-preinit] DEBUG o.h.v.i.e.r.TraversableResolvers - Found jakarta.persistence.Persistence on classpath containing 'getPersistenceUtil'. Assuming JPA 2 environment. Trying to instantiate JPA aware TraversableResolver
2025-09-21 09:58:30,457 [background-preinit] DEBUG o.h.v.i.e.r.TraversableResolvers - Instantiated JPA aware TraversableResolver of type org.hibernate.validator.internal.engine.resolver.JPATraversableResolver.
2025-09-21 09:58:30,498 [background-preinit] DEBUG o.h.v.m.ResourceBundleMessageInterpolator - Loaded expression factory via original TCCL
2025-09-21 09:58:30,669 [background-preinit] DEBUG o.h.v.i.e.ValidatorFactoryConfigurationHelper - HV000252: Using org.hibernate.validator.internal.engine.DefaultPropertyNodeNameProvider as property node name provider.
2025-09-21 09:58:30,692 [background-preinit] DEBUG o.h.v.i.e.ValidatorFactoryConfigurationHelper - HV000234: Using org.hibernate.validator.messageinterpolation.ResourceBundleMessageInterpolator as ValidatorFactory-scoped message interpolator.
2025-09-21 09:58:30,693 [background-preinit] DEBUG o.h.v.i.e.ValidatorFactoryConfigurationHelper - HV000234: Using org.hibernate.validator.internal.engine.resolver.JPATraversableResolver as ValidatorFactory-scoped traversable resolver.
2025-09-21 09:58:30,693 [background-preinit] DEBUG o.h.v.i.e.ValidatorFactoryConfigurationHelper - HV000234: Using org.hibernate.validator.internal.util.ExecutableParameterNameProvider as ValidatorFactory-scoped parameter name provider.
2025-09-21 09:58:30,693 [background-preinit] DEBUG o.h.v.i.e.ValidatorFactoryConfigurationHelper - HV000234: Using org.hibernate.validator.internal.engine.DefaultClockProvider as ValidatorFactory-scoped clock provider.
2025-09-21 09:58:30,693 [background-preinit] DEBUG o.h.v.i.e.ValidatorFactoryConfigurationHelper - HV000234: Using org.hibernate.validator.internal.engine.scripting.DefaultScriptEvaluatorFactory as ValidatorFactory-scoped script evaluator factory.
2025-09-21 09:58:30,833 [restartedMain] INFO  o.s.b.d.e.DevToolsPropertyDefaultsPostProcessor - Devtools property defaults active! Set 'spring.devtools.add-properties' to 'false' to disable
2025-09-21 09:58:30,833 [restartedMain] INFO  o.s.b.d.e.DevToolsPropertyDefaultsPostProcessor - For additional web related logging consider setting the 'logging.level.web' property to 'DEBUG'
2025-09-21 09:58:31,862 [restartedMain] WARN  o.s.b.w.r.c.AnnotationConfigReactiveWebServerApplicationContext - Exception encountered during context initialization - cancelling refresh attempt: org.springframework.beans.factory.BeanDefinitionStoreException: Failed to parse configuration class [com.spring5.MyApplication]
2025-09-21 09:58:31,871 [restartedMain] INFO  o.s.b.a.l.ConditionEvaluationReportLogger - 

Error starting ApplicationContext. To display the condition evaluation report re-run your application with 'debug' enabled.
2025-09-21 09:58:31,919 [restartedMain] ERROR o.s.boot.SpringApplication - Application run failed
org.springframework.beans.factory.BeanDefinitionStoreException: Failed to parse configuration class [com.spring5.MyApplication]
	at org.springframework.context.annotation.ConfigurationClassParser.parse(ConfigurationClassParser.java:194)
	at org.springframework.context.annotation.ConfigurationClassPostProcessor.processConfigBeanDefinitions(ConfigurationClassPostProcessor.java:418)
	at org.springframework.context.annotation.ConfigurationClassPostProcessor.postProcessBeanDefinitionRegistry(ConfigurationClassPostProcessor.java:290)
	at org.springframework.context.support.PostProcessorRegistrationDelegate.invokeBeanDefinitionRegistryPostProcessors(PostProcessorRegistrationDelegate.java:349)
	at org.springframework.context.support.PostProcessorRegistrationDelegate.invokeBeanFactoryPostProcessors(PostProcessorRegistrationDelegate.java:118)
	at org.springframework.context.support.AbstractApplicationContext.invokeBeanFactoryPostProcessors(AbstractApplicationContext.java:791)
	at org.springframework.context.support.AbstractApplicationContext.refresh(AbstractApplicationContext.java:609)
	at org.springframework.boot.web.reactive.context.ReactiveWebServerApplicationContext.refresh(ReactiveWebServerApplicationContext.java:66)
	at org.springframework.boot.SpringApplication.refresh(SpringApplication.java:752)
	at org.springframework.boot.SpringApplication.refreshContext(SpringApplication.java:439)
	at org.springframework.boot.SpringApplication.run(SpringApplication.java:318)
	at org.springframework.boot.SpringApplication.run(SpringApplication.java:1361)
	at org.springframework.boot.SpringApplication.run(SpringApplication.java:1350)
	at com.spring5.hackerrank.BinaryTreeFindRootLeafInner.printQueryResults(BinaryTreeFindRootLeafInner.java:33)
	at com.spring5.hackerrank.BinaryTreeFindRootLeafInner.main(BinaryTreeFindRootLeafInner.java:23)
	at java.base/jdk.internal.reflect.DirectMethodHandleAccessor.invoke(DirectMethodHandleAccessor.java:103)
	at java.base/java.lang.reflect.Method.invoke(Method.java:580)
	at org.springframework.boot.devtools.restart.RestartLauncher.run(RestartLauncher.java:50)
Caused by: org.springframework.context.annotation.ConflictingBeanDefinitionException: Annotation-specified bean name 'auditService' for bean class [com.spring5.aicloud.genaihealthcare.cccr.AuditService] conflicts with existing, non-compatible bean definition of same name and class [com.spring5.aicloud.genaihealthcare.AuditService]
	at org.springframework.context.annotation.ClassPathBeanDefinitionScanner.checkCandidate(ClassPathBeanDefinitionScanner.java:361)
	at org.springframework.context.annotation.ClassPathBeanDefinitionScanner.doScan(ClassPathBeanDefinitionScanner.java:288)
	at org.springframework.context.annotation.ComponentScanAnnotationParser.parse(ComponentScanAnnotationParser.java:128)
	at org.springframework.context.annotation.ConfigurationClassParser.doProcessConfigurationClass(ConfigurationClassParser.java:346)
	at org.springframework.context.annotation.ConfigurationClassParser.processConfigurationClass(ConfigurationClassParser.java:281)
	at org.springframework.context.annotation.ConfigurationClassParser.parse(ConfigurationClassParser.java:204)
	at org.springframework.context.annotation.ConfigurationClassParser.parse(ConfigurationClassParser.java:172)
	... 17 common frames omitted
2025-09-21 23:18:02,625 [main] INFO  o.s.t.c.s.AnnotationConfigContextLoaderUtils - Could not detect default configuration classes for test class [com.interview.capitalonesignalmock.C1CodeSignalTest]: C1CodeSignalTest does not declare any static, non-private, non-final, nested classes annotated with @Configuration.
2025-09-21 23:18:02,814 [main] INFO  o.s.t.c.s.AnnotationConfigContextLoaderUtils - Could not detect default configuration classes for test class [com.interview.capitalonesignalmock.Code1WarmUpSecondLargestTest]: Code1WarmUpSecondLargestTest does not declare any static, non-private, non-final, nested classes annotated with @Configuration.
2025-09-21 23:18:02,835 [main] INFO  o.s.t.c.s.AnnotationConfigContextLoaderUtils - Could not detect default configuration classes for test class [com.interview.capitalonesignalmock.Code2MediumLongestSubstringTest]: Code2MediumLongestSubstringTest does not declare any static, non-private, non-final, nested classes annotated with @Configuration.
2025-09-21 23:18:02,851 [main] INFO  o.s.t.c.s.AnnotationConfigContextLoaderUtils - Could not detect default configuration classes for test class [com.interview.capitalonesignalmock.Code3HardMaxPathSumTest]: Code3HardMaxPathSumTest does not declare any static, non-private, non-final, nested classes annotated with @Configuration.
2025-09-21 23:18:02,866 [main] INFO  o.s.t.c.s.AnnotationConfigContextLoaderUtils - Could not detect default configuration classes for test class [com.interview.capitalonesignalmock.Code4ExpertRateLimiterTest]: Code4ExpertRateLimiterTest does not declare any static, non-private, non-final, nested classes annotated with @Configuration.
2025-09-21 23:18:02,880 [main] INFO  o.s.t.c.s.AnnotationConfigContextLoaderUtils - Could not detect default configuration classes for test class [com.interview.codesignal.CodeSignalTest]: CodeSignalTest does not declare any static, non-private, non-final, nested classes annotated with @Configuration.
2025-09-21 23:18:02,912 [main] INFO  o.s.t.c.s.AnnotationConfigContextLoaderUtils - Could not detect default configuration classes for test class [com.mycompany.davidlee.InventoryTest]: InventoryTest does not declare any static, non-private, non-final, nested classes annotated with @Configuration.
2025-09-21 23:18:02,930 [main] INFO  o.s.t.c.s.AnnotationConfigContextLoaderUtils - Could not detect default configuration classes for test class [com.mycompany.davidlee.ItemTest]: ItemTest does not declare any static, non-private, non-final, nested classes annotated with @Configuration.
2025-09-21 23:18:02,948 [main] INFO  o.s.t.c.s.AnnotationConfigContextLoaderUtils - Could not detect default configuration classes for test class [com.mycompany.davidlee.StoreRegisterTest]: StoreRegisterTest does not declare any static, non-private, non-final, nested classes annotated with @Configuration.
2025-09-21 23:18:02,961 [main] INFO  o.s.t.c.s.AnnotationConfigContextLoaderUtils - Could not detect default configuration classes for test class [com.sisllc.mathformulas.ci.ch04.BinarySearchTreeTest]: BinarySearchTreeTest does not declare any static, non-private, non-final, nested classes annotated with @Configuration.
2025-09-21 23:18:02,977 [main] INFO  o.s.t.c.s.AnnotationConfigContextLoaderUtils - Could not detect default configuration classes for test class [com.sisllc.mathformulas.ci.ch04.GraphSearchTest]: GraphSearchTest does not declare any static, non-private, non-final, nested classes annotated with @Configuration.
2025-09-21 23:18:02,990 [main] INFO  o.s.t.c.s.AnnotationConfigContextLoaderUtils - Could not detect default configuration classes for test class [com.sisllc.mathformulas.impl.FactorNumberIntoPrimeIntArrayTest]: FactorNumberIntoPrimeIntArrayTest does not declare any static, non-private, non-final, nested classes annotated with @Configuration.
2025-09-21 23:18:03,005 [main] INFO  o.s.t.c.s.AnnotationConfigContextLoaderUtils - Could not detect default configuration classes for test class [com.sisllc.mathformulas.impl.FibonacciRecursiveTest]: FibonacciRecursiveTest does not declare any static, non-private, non-final, nested classes annotated with @Configuration.
2025-09-21 23:18:03,020 [main] INFO  o.s.t.c.s.AnnotationConfigContextLoaderUtils - Could not detect default configuration classes for test class [com.sisllc.mathformulas.impl.MortgageCalculatorTest]: MortgageCalculatorTest does not declare any static, non-private, non-final, nested classes annotated with @Configuration.
2025-09-21 23:18:03,034 [main] INFO  o.s.t.c.s.AnnotationConfigContextLoaderUtils - Could not detect default configuration classes for test class [com.sisllc.mathformulas.impl.PrimeNumbersTest]: PrimeNumbersTest does not declare any static, non-private, non-final, nested classes annotated with @Configuration.
2025-09-21 23:18:03,048 [main] INFO  o.s.t.c.s.AnnotationConfigContextLoaderUtils - Could not detect default configuration classes for test class [com.sisllc.mathformulas.impl.ProductOfPrimesBetweenLToRTest]: ProductOfPrimesBetweenLToRTest does not declare any static, non-private, non-final, nested classes annotated with @Configuration.
2025-09-21 23:18:03,060 [main] INFO  o.s.t.c.s.AnnotationConfigContextLoaderUtils - Could not detect default configuration classes for test class [com.sisllc.mathformulas.impl.SumOfSquaresTest]: SumOfSquaresTest does not declare any static, non-private, non-final, nested classes annotated with @Configuration.
2025-09-21 23:18:03,074 [main] INFO  o.s.t.c.s.AnnotationConfigContextLoaderUtils - Could not detect default configuration classes for test class [com.sisllc.mathformulas.impl.UnionIntersDiffCompleTest]: UnionIntersDiffCompleTest does not declare any static, non-private, non-final, nested classes annotated with @Configuration.
2025-09-21 23:18:03,086 [main] INFO  o.s.t.c.s.AnnotationConfigContextLoaderUtils - Could not detect default configuration classes for test class [com.sisllc.mathformulas.stringmanipulation.CapitalizeFirstLetterTest]: CapitalizeFirstLetterTest does not declare any static, non-private, non-final, nested classes annotated with @Configuration.
2025-09-21 23:18:03,098 [main] INFO  o.s.t.c.s.AnnotationConfigContextLoaderUtils - Could not detect default configuration classes for test class [com.sisllc.mathformulas.stringmanipulation.ExampleTest]: ExampleTest does not declare any static, non-private, non-final, nested classes annotated with @Configuration.
2025-09-21 23:18:03,114 [main] INFO  o.s.t.c.s.AnnotationConfigContextLoaderUtils - Could not detect default configuration classes for test class [com.sisllc.mathformulas.utils.PhoneNumberExtensionTest]: PhoneNumberExtensionTest does not declare any static, non-private, non-final, nested classes annotated with @Configuration.
2025-09-21 23:18:03,126 [main] INFO  o.s.t.c.s.AnnotationConfigContextLoaderUtils - Could not detect default configuration classes for test class [com.sisllc.mathformulas.utils.ValidateNpiWithRegistryTest]: ValidateNpiWithRegistryTest does not declare any static, non-private, non-final, nested classes annotated with @Configuration.
2025-09-21 23:18:03,266 [main] INFO  o.s.t.c.s.AnnotationConfigContextLoaderUtils - Could not detect default configuration classes for test class [com.spring5.ProjectTest]: ProjectTest does not declare any static, non-private, non-final, nested classes annotated with @Configuration.
2025-09-21 23:18:03,324 [main] INFO  o.s.t.c.s.AnnotationConfigContextLoaderUtils - Could not detect default configuration classes for test class [com.interview.capitalonesignalmock.C1CodeSignalTest]: C1CodeSignalTest does not declare any static, non-private, non-final, nested classes annotated with @Configuration.
2025-09-21 23:18:03,335 [main] INFO  o.s.t.c.s.AnnotationConfigContextLoaderUtils - Could not detect default configuration classes for test class [com.interview.capitalonesignalmock.Code1WarmUpSecondLargestTest]: Code1WarmUpSecondLargestTest does not declare any static, non-private, non-final, nested classes annotated with @Configuration.
2025-09-21 23:18:03,345 [main] INFO  o.s.t.c.s.AnnotationConfigContextLoaderUtils - Could not detect default configuration classes for test class [com.interview.capitalonesignalmock.Code2MediumLongestSubstringTest]: Code2MediumLongestSubstringTest does not declare any static, non-private, non-final, nested classes annotated with @Configuration.
2025-09-21 23:18:03,355 [main] INFO  o.s.t.c.s.AnnotationConfigContextLoaderUtils - Could not detect default configuration classes for test class [com.interview.capitalonesignalmock.Code3HardMaxPathSumTest]: Code3HardMaxPathSumTest does not declare any static, non-private, non-final, nested classes annotated with @Configuration.
2025-09-21 23:18:03,363 [main] INFO  o.s.t.c.s.AnnotationConfigContextLoaderUtils - Could not detect default configuration classes for test class [com.interview.capitalonesignalmock.Code4ExpertRateLimiterTest]: Code4ExpertRateLimiterTest does not declare any static, non-private, non-final, nested classes annotated with @Configuration.
2025-09-21 23:18:03,374 [main] INFO  o.s.t.c.s.AnnotationConfigContextLoaderUtils - Could not detect default configuration classes for test class [com.interview.codesignal.CodeSignalTest]: CodeSignalTest does not declare any static, non-private, non-final, nested classes annotated with @Configuration.
2025-09-21 23:18:03,384 [main] INFO  o.s.t.c.s.AnnotationConfigContextLoaderUtils - Could not detect default configuration classes for test class [com.mycompany.davidlee.InventoryTest]: InventoryTest does not declare any static, non-private, non-final, nested classes annotated with @Configuration.
2025-09-21 23:18:03,394 [main] INFO  o.s.t.c.s.AnnotationConfigContextLoaderUtils - Could not detect default configuration classes for test class [com.mycompany.davidlee.ItemTest]: ItemTest does not declare any static, non-private, non-final, nested classes annotated with @Configuration.
2025-09-21 23:18:03,406 [main] INFO  o.s.t.c.s.AnnotationConfigContextLoaderUtils - Could not detect default configuration classes for test class [com.mycompany.davidlee.StoreRegisterTest]: StoreRegisterTest does not declare any static, non-private, non-final, nested classes annotated with @Configuration.
2025-09-21 23:18:03,416 [main] INFO  o.s.t.c.s.AnnotationConfigContextLoaderUtils - Could not detect default configuration classes for test class [com.sisllc.mathformulas.ci.ch04.BinarySearchTreeTest]: BinarySearchTreeTest does not declare any static, non-private, non-final, nested classes annotated with @Configuration.
2025-09-21 23:18:03,425 [main] INFO  o.s.t.c.s.AnnotationConfigContextLoaderUtils - Could not detect default configuration classes for test class [com.sisllc.mathformulas.ci.ch04.GraphSearchTest]: GraphSearchTest does not declare any static, non-private, non-final, nested classes annotated with @Configuration.
2025-09-21 23:18:03,437 [main] INFO  o.s.t.c.s.AnnotationConfigContextLoaderUtils - Could not detect default configuration classes for test class [com.sisllc.mathformulas.impl.FactorNumberIntoPrimeIntArrayTest]: FactorNumberIntoPrimeIntArrayTest does not declare any static, non-private, non-final, nested classes annotated with @Configuration.
2025-09-21 23:18:03,448 [main] INFO  o.s.t.c.s.AnnotationConfigContextLoaderUtils - Could not detect default configuration classes for test class [com.sisllc.mathformulas.impl.FibonacciRecursiveTest]: FibonacciRecursiveTest does not declare any static, non-private, non-final, nested classes annotated with @Configuration.
2025-09-21 23:18:03,463 [main] INFO  o.s.t.c.s.AnnotationConfigContextLoaderUtils - Could not detect default configuration classes for test class [com.sisllc.mathformulas.impl.MortgageCalculatorTest]: MortgageCalculatorTest does not declare any static, non-private, non-final, nested classes annotated with @Configuration.
2025-09-21 23:18:03,476 [main] INFO  o.s.t.c.s.AnnotationConfigContextLoaderUtils - Could not detect default configuration classes for test class [com.sisllc.mathformulas.impl.PrimeNumbersTest]: PrimeNumbersTest does not declare any static, non-private, non-final, nested classes annotated with @Configuration.
2025-09-21 23:18:03,488 [main] INFO  o.s.t.c.s.AnnotationConfigContextLoaderUtils - Could not detect default configuration classes for test class [com.sisllc.mathformulas.impl.ProductOfPrimesBetweenLToRTest]: ProductOfPrimesBetweenLToRTest does not declare any static, non-private, non-final, nested classes annotated with @Configuration.
2025-09-21 23:18:03,502 [main] INFO  o.s.t.c.s.AnnotationConfigContextLoaderUtils - Could not detect default configuration classes for test class [com.sisllc.mathformulas.impl.SumOfSquaresTest]: SumOfSquaresTest does not declare any static, non-private, non-final, nested classes annotated with @Configuration.
2025-09-21 23:18:03,513 [main] INFO  o.s.t.c.s.AnnotationConfigContextLoaderUtils - Could not detect default configuration classes for test class [com.sisllc.mathformulas.impl.UnionIntersDiffCompleTest]: UnionIntersDiffCompleTest does not declare any static, non-private, non-final, nested classes annotated with @Configuration.
2025-09-21 23:18:03,524 [main] INFO  o.s.t.c.s.AnnotationConfigContextLoaderUtils - Could not detect default configuration classes for test class [com.sisllc.mathformulas.stringmanipulation.CapitalizeFirstLetterTest]: CapitalizeFirstLetterTest does not declare any static, non-private, non-final, nested classes annotated with @Configuration.
2025-09-21 23:18:03,534 [main] INFO  o.s.t.c.s.AnnotationConfigContextLoaderUtils - Could not detect default configuration classes for test class [com.sisllc.mathformulas.stringmanipulation.ExampleTest]: ExampleTest does not declare any static, non-private, non-final, nested classes annotated with @Configuration.
2025-09-21 23:18:03,545 [main] INFO  o.s.t.c.s.AnnotationConfigContextLoaderUtils - Could not detect default configuration classes for test class [com.sisllc.mathformulas.utils.PhoneNumberExtensionTest]: PhoneNumberExtensionTest does not declare any static, non-private, non-final, nested classes annotated with @Configuration.
2025-09-21 23:18:03,554 [main] INFO  o.s.t.c.s.AnnotationConfigContextLoaderUtils - Could not detect default configuration classes for test class [com.sisllc.mathformulas.utils.ValidateNpiWithRegistryTest]: ValidateNpiWithRegistryTest does not declare any static, non-private, non-final, nested classes annotated with @Configuration.
2025-09-21 23:18:03,569 [main] INFO  o.s.t.c.s.AnnotationConfigContextLoaderUtils - Could not detect default configuration classes for test class [com.spring5.ProjectTest]: ProjectTest does not declare any static, non-private, non-final, nested classes annotated with @Configuration.
2025-09-21 23:18:05,053 [main] WARN  o.s.b.t.j.DuplicateJsonObjectContextCustomizerFactory$DuplicateJsonObjectContextCustomizer - 

Found multiple occurrences of org.json.JSONObject on the class path:

	jar:file:/C:/Users/javau/.m2/repository/org/json/json/20160810/json-20160810.jar!/org/json/JSONObject.class
	jar:file:/C:/Users/javau/.m2/repository/com/vaadin/external/google/android-json/0.0.20131108.vaadin1/android-json-0.0.20131108.vaadin1.jar!/org/json/JSONObject.class
	jar:file:/C:/Users/javau/.m2/repository/org/json/org.json/chargebee-1.0/org.json-chargebee-1.0.jar!/org/json/JSONObject.class

You may wish to exclude one of them to ensure predictable runtime behavior

2025-09-21 23:18:09,383 [main] WARN  o.s.b.t.j.DuplicateJsonObjectContextCustomizerFactory$DuplicateJsonObjectContextCustomizer - 

Found multiple occurrences of org.json.JSONObject on the class path:

	jar:file:/C:/Users/javau/.m2/repository/org/json/json/20160810/json-20160810.jar!/org/json/JSONObject.class
	jar:file:/C:/Users/javau/.m2/repository/com/vaadin/external/google/android-json/0.0.20131108.vaadin1/android-json-0.0.20131108.vaadin1.jar!/org/json/JSONObject.class
	jar:file:/C:/Users/javau/.m2/repository/org/json/org.json/chargebee-1.0/org.json-chargebee-1.0.jar!/org/json/JSONObject.class

You may wish to exclude one of them to ensure predictable runtime behavior

2025-09-22 17:32:20,554 [main] INFO  o.s.t.c.s.AnnotationConfigContextLoaderUtils - Could not detect default configuration classes for test class [com.interview.capitalonesignalmock.C1CodeSignalTest]: C1CodeSignalTest does not declare any static, non-private, non-final, nested classes annotated with @Configuration.
2025-09-22 17:32:20,752 [main] INFO  o.s.t.c.s.AnnotationConfigContextLoaderUtils - Could not detect default configuration classes for test class [com.interview.capitalonesignalmock.Code1WarmUpSecondLargestTest]: Code1WarmUpSecondLargestTest does not declare any static, non-private, non-final, nested classes annotated with @Configuration.
2025-09-22 17:32:20,772 [main] INFO  o.s.t.c.s.AnnotationConfigContextLoaderUtils - Could not detect default configuration classes for test class [com.interview.capitalonesignalmock.Code2MediumLongestSubstringTest]: Code2MediumLongestSubstringTest does not declare any static, non-private, non-final, nested classes annotated with @Configuration.
2025-09-22 17:32:20,789 [main] INFO  o.s.t.c.s.AnnotationConfigContextLoaderUtils - Could not detect default configuration classes for test class [com.interview.capitalonesignalmock.Code3HardMaxPathSumTest]: Code3HardMaxPathSumTest does not declare any static, non-private, non-final, nested classes annotated with @Configuration.
2025-09-22 17:32:20,804 [main] INFO  o.s.t.c.s.AnnotationConfigContextLoaderUtils - Could not detect default configuration classes for test class [com.interview.capitalonesignalmock.Code4ExpertRateLimiterTest]: Code4ExpertRateLimiterTest does not declare any static, non-private, non-final, nested classes annotated with @Configuration.
2025-09-22 17:32:20,819 [main] INFO  o.s.t.c.s.AnnotationConfigContextLoaderUtils - Could not detect default configuration classes for test class [com.interview.codesignal.CodeSignalTest]: CodeSignalTest does not declare any static, non-private, non-final, nested classes annotated with @Configuration.
2025-09-22 17:32:20,852 [main] INFO  o.s.t.c.s.AnnotationConfigContextLoaderUtils - Could not detect default configuration classes for test class [com.mycompany.davidlee.InventoryTest]: InventoryTest does not declare any static, non-private, non-final, nested classes annotated with @Configuration.
2025-09-22 17:32:20,870 [main] INFO  o.s.t.c.s.AnnotationConfigContextLoaderUtils - Could not detect default configuration classes for test class [com.mycompany.davidlee.ItemTest]: ItemTest does not declare any static, non-private, non-final, nested classes annotated with @Configuration.
2025-09-22 17:32:20,891 [main] INFO  o.s.t.c.s.AnnotationConfigContextLoaderUtils - Could not detect default configuration classes for test class [com.mycompany.davidlee.StoreRegisterTest]: StoreRegisterTest does not declare any static, non-private, non-final, nested classes annotated with @Configuration.
2025-09-22 17:32:20,906 [main] INFO  o.s.t.c.s.AnnotationConfigContextLoaderUtils - Could not detect default configuration classes for test class [com.sisllc.mathformulas.ci.ch04.BinarySearchTreeTest]: BinarySearchTreeTest does not declare any static, non-private, non-final, nested classes annotated with @Configuration.
2025-09-22 17:32:20,922 [main] INFO  o.s.t.c.s.AnnotationConfigContextLoaderUtils - Could not detect default configuration classes for test class [com.sisllc.mathformulas.ci.ch04.GraphSearchTest]: GraphSearchTest does not declare any static, non-private, non-final, nested classes annotated with @Configuration.
2025-09-22 17:32:20,936 [main] INFO  o.s.t.c.s.AnnotationConfigContextLoaderUtils - Could not detect default configuration classes for test class [com.sisllc.mathformulas.impl.FactorNumberIntoPrimeIntArrayTest]: FactorNumberIntoPrimeIntArrayTest does not declare any static, non-private, non-final, nested classes annotated with @Configuration.
2025-09-22 17:32:20,951 [main] INFO  o.s.t.c.s.AnnotationConfigContextLoaderUtils - Could not detect default configuration classes for test class [com.sisllc.mathformulas.impl.FibonacciRecursiveTest]: FibonacciRecursiveTest does not declare any static, non-private, non-final, nested classes annotated with @Configuration.
2025-09-22 17:32:20,965 [main] INFO  o.s.t.c.s.AnnotationConfigContextLoaderUtils - Could not detect default configuration classes for test class [com.sisllc.mathformulas.impl.MortgageCalculatorTest]: MortgageCalculatorTest does not declare any static, non-private, non-final, nested classes annotated with @Configuration.
2025-09-22 17:32:20,979 [main] INFO  o.s.t.c.s.AnnotationConfigContextLoaderUtils - Could not detect default configuration classes for test class [com.sisllc.mathformulas.impl.PrimeNumbersTest]: PrimeNumbersTest does not declare any static, non-private, non-final, nested classes annotated with @Configuration.
2025-09-22 17:32:20,994 [main] INFO  o.s.t.c.s.AnnotationConfigContextLoaderUtils - Could not detect default configuration classes for test class [com.sisllc.mathformulas.impl.ProductOfPrimesBetweenLToRTest]: ProductOfPrimesBetweenLToRTest does not declare any static, non-private, non-final, nested classes annotated with @Configuration.
2025-09-22 17:32:21,009 [main] INFO  o.s.t.c.s.AnnotationConfigContextLoaderUtils - Could not detect default configuration classes for test class [com.sisllc.mathformulas.impl.SumOfSquaresTest]: SumOfSquaresTest does not declare any static, non-private, non-final, nested classes annotated with @Configuration.
2025-09-22 17:32:21,024 [main] INFO  o.s.t.c.s.AnnotationConfigContextLoaderUtils - Could not detect default configuration classes for test class [com.sisllc.mathformulas.impl.UnionIntersDiffCompleTest]: UnionIntersDiffCompleTest does not declare any static, non-private, non-final, nested classes annotated with @Configuration.
2025-09-22 17:32:21,037 [main] INFO  o.s.t.c.s.AnnotationConfigContextLoaderUtils - Could not detect default configuration classes for test class [com.sisllc.mathformulas.stringmanipulation.CapitalizeFirstLetterTest]: CapitalizeFirstLetterTest does not declare any static, non-private, non-final, nested classes annotated with @Configuration.
2025-09-22 17:32:21,050 [main] INFO  o.s.t.c.s.AnnotationConfigContextLoaderUtils - Could not detect default configuration classes for test class [com.sisllc.mathformulas.stringmanipulation.ExampleTest]: ExampleTest does not declare any static, non-private, non-final, nested classes annotated with @Configuration.
2025-09-22 17:32:21,066 [main] INFO  o.s.t.c.s.AnnotationConfigContextLoaderUtils - Could not detect default configuration classes for test class [com.sisllc.mathformulas.utils.PhoneNumberExtensionTest]: PhoneNumberExtensionTest does not declare any static, non-private, non-final, nested classes annotated with @Configuration.
2025-09-22 17:32:21,080 [main] INFO  o.s.t.c.s.AnnotationConfigContextLoaderUtils - Could not detect default configuration classes for test class [com.sisllc.mathformulas.utils.ValidateNpiWithRegistryTest]: ValidateNpiWithRegistryTest does not declare any static, non-private, non-final, nested classes annotated with @Configuration.
2025-09-22 17:32:21,228 [main] INFO  o.s.t.c.s.AnnotationConfigContextLoaderUtils - Could not detect default configuration classes for test class [com.spring5.ProjectTest]: ProjectTest does not declare any static, non-private, non-final, nested classes annotated with @Configuration.
2025-09-22 17:32:21,278 [main] INFO  o.s.t.c.s.AnnotationConfigContextLoaderUtils - Could not detect default configuration classes for test class [com.interview.capitalonesignalmock.C1CodeSignalTest]: C1CodeSignalTest does not declare any static, non-private, non-final, nested classes annotated with @Configuration.
2025-09-22 17:32:21,289 [main] INFO  o.s.t.c.s.AnnotationConfigContextLoaderUtils - Could not detect default configuration classes for test class [com.interview.capitalonesignalmock.Code1WarmUpSecondLargestTest]: Code1WarmUpSecondLargestTest does not declare any static, non-private, non-final, nested classes annotated with @Configuration.
2025-09-22 17:32:21,300 [main] INFO  o.s.t.c.s.AnnotationConfigContextLoaderUtils - Could not detect default configuration classes for test class [com.interview.capitalonesignalmock.Code2MediumLongestSubstringTest]: Code2MediumLongestSubstringTest does not declare any static, non-private, non-final, nested classes annotated with @Configuration.
2025-09-22 17:32:21,311 [main] INFO  o.s.t.c.s.AnnotationConfigContextLoaderUtils - Could not detect default configuration classes for test class [com.interview.capitalonesignalmock.Code3HardMaxPathSumTest]: Code3HardMaxPathSumTest does not declare any static, non-private, non-final, nested classes annotated with @Configuration.
2025-09-22 17:32:21,323 [main] INFO  o.s.t.c.s.AnnotationConfigContextLoaderUtils - Could not detect default configuration classes for test class [com.interview.capitalonesignalmock.Code4ExpertRateLimiterTest]: Code4ExpertRateLimiterTest does not declare any static, non-private, non-final, nested classes annotated with @Configuration.
2025-09-22 17:32:21,333 [main] INFO  o.s.t.c.s.AnnotationConfigContextLoaderUtils - Could not detect default configuration classes for test class [com.interview.codesignal.CodeSignalTest]: CodeSignalTest does not declare any static, non-private, non-final, nested classes annotated with @Configuration.
2025-09-22 17:32:21,345 [main] INFO  o.s.t.c.s.AnnotationConfigContextLoaderUtils - Could not detect default configuration classes for test class [com.mycompany.davidlee.InventoryTest]: InventoryTest does not declare any static, non-private, non-final, nested classes annotated with @Configuration.
2025-09-22 17:32:21,357 [main] INFO  o.s.t.c.s.AnnotationConfigContextLoaderUtils - Could not detect default configuration classes for test class [com.mycompany.davidlee.ItemTest]: ItemTest does not declare any static, non-private, non-final, nested classes annotated with @Configuration.
2025-09-22 17:32:21,370 [main] INFO  o.s.t.c.s.AnnotationConfigContextLoaderUtils - Could not detect default configuration classes for test class [com.mycompany.davidlee.StoreRegisterTest]: StoreRegisterTest does not declare any static, non-private, non-final, nested classes annotated with @Configuration.
2025-09-22 17:32:21,382 [main] INFO  o.s.t.c.s.AnnotationConfigContextLoaderUtils - Could not detect default configuration classes for test class [com.sisllc.mathformulas.ci.ch04.BinarySearchTreeTest]: BinarySearchTreeTest does not declare any static, non-private, non-final, nested classes annotated with @Configuration.
2025-09-22 17:32:21,393 [main] INFO  o.s.t.c.s.AnnotationConfigContextLoaderUtils - Could not detect default configuration classes for test class [com.sisllc.mathformulas.ci.ch04.GraphSearchTest]: GraphSearchTest does not declare any static, non-private, non-final, nested classes annotated with @Configuration.
2025-09-22 17:32:21,405 [main] INFO  o.s.t.c.s.AnnotationConfigContextLoaderUtils - Could not detect default configuration classes for test class [com.sisllc.mathformulas.impl.FactorNumberIntoPrimeIntArrayTest]: FactorNumberIntoPrimeIntArrayTest does not declare any static, non-private, non-final, nested classes annotated with @Configuration.
2025-09-22 17:32:21,419 [main] INFO  o.s.t.c.s.AnnotationConfigContextLoaderUtils - Could not detect default configuration classes for test class [com.sisllc.mathformulas.impl.FibonacciRecursiveTest]: FibonacciRecursiveTest does not declare any static, non-private, non-final, nested classes annotated with @Configuration.
2025-09-22 17:32:21,434 [main] INFO  o.s.t.c.s.AnnotationConfigContextLoaderUtils - Could not detect default configuration classes for test class [com.sisllc.mathformulas.impl.MortgageCalculatorTest]: MortgageCalculatorTest does not declare any static, non-private, non-final, nested classes annotated with @Configuration.
2025-09-22 17:32:21,443 [main] INFO  o.s.t.c.s.AnnotationConfigContextLoaderUtils - Could not detect default configuration classes for test class [com.sisllc.mathformulas.impl.PrimeNumbersTest]: PrimeNumbersTest does not declare any static, non-private, non-final, nested classes annotated with @Configuration.
2025-09-22 17:32:21,455 [main] INFO  o.s.t.c.s.AnnotationConfigContextLoaderUtils - Could not detect default configuration classes for test class [com.sisllc.mathformulas.impl.ProductOfPrimesBetweenLToRTest]: ProductOfPrimesBetweenLToRTest does not declare any static, non-private, non-final, nested classes annotated with @Configuration.
2025-09-22 17:32:21,466 [main] INFO  o.s.t.c.s.AnnotationConfigContextLoaderUtils - Could not detect default configuration classes for test class [com.sisllc.mathformulas.impl.SumOfSquaresTest]: SumOfSquaresTest does not declare any static, non-private, non-final, nested classes annotated with @Configuration.
2025-09-22 17:32:21,478 [main] INFO  o.s.t.c.s.AnnotationConfigContextLoaderUtils - Could not detect default configuration classes for test class [com.sisllc.mathformulas.impl.UnionIntersDiffCompleTest]: UnionIntersDiffCompleTest does not declare any static, non-private, non-final, nested classes annotated with @Configuration.
2025-09-22 17:32:21,490 [main] INFO  o.s.t.c.s.AnnotationConfigContextLoaderUtils - Could not detect default configuration classes for test class [com.sisllc.mathformulas.stringmanipulation.CapitalizeFirstLetterTest]: CapitalizeFirstLetterTest does not declare any static, non-private, non-final, nested classes annotated with @Configuration.
2025-09-22 17:32:21,501 [main] INFO  o.s.t.c.s.AnnotationConfigContextLoaderUtils - Could not detect default configuration classes for test class [com.sisllc.mathformulas.stringmanipulation.ExampleTest]: ExampleTest does not declare any static, non-private, non-final, nested classes annotated with @Configuration.
2025-09-22 17:32:21,514 [main] INFO  o.s.t.c.s.AnnotationConfigContextLoaderUtils - Could not detect default configuration classes for test class [com.sisllc.mathformulas.utils.PhoneNumberExtensionTest]: PhoneNumberExtensionTest does not declare any static, non-private, non-final, nested classes annotated with @Configuration.
2025-09-22 17:32:21,526 [main] INFO  o.s.t.c.s.AnnotationConfigContextLoaderUtils - Could not detect default configuration classes for test class [com.sisllc.mathformulas.utils.ValidateNpiWithRegistryTest]: ValidateNpiWithRegistryTest does not declare any static, non-private, non-final, nested classes annotated with @Configuration.
2025-09-22 17:32:21,540 [main] INFO  o.s.t.c.s.AnnotationConfigContextLoaderUtils - Could not detect default configuration classes for test class [com.spring5.ProjectTest]: ProjectTest does not declare any static, non-private, non-final, nested classes annotated with @Configuration.
2025-09-22 17:32:23,032 [main] WARN  o.s.b.t.j.DuplicateJsonObjectContextCustomizerFactory$DuplicateJsonObjectContextCustomizer - 

Found multiple occurrences of org.json.JSONObject on the class path:

	jar:file:/C:/Users/javau/.m2/repository/org/json/json/20160810/json-20160810.jar!/org/json/JSONObject.class
	jar:file:/C:/Users/javau/.m2/repository/com/vaadin/external/google/android-json/0.0.20131108.vaadin1/android-json-0.0.20131108.vaadin1.jar!/org/json/JSONObject.class
	jar:file:/C:/Users/javau/.m2/repository/org/json/org.json/chargebee-1.0/org.json-chargebee-1.0.jar!/org/json/JSONObject.class

You may wish to exclude one of them to ensure predictable runtime behavior

2025-09-22 17:32:27,418 [main] WARN  o.s.b.t.j.DuplicateJsonObjectContextCustomizerFactory$DuplicateJsonObjectContextCustomizer - 

Found multiple occurrences of org.json.JSONObject on the class path:

	jar:file:/C:/Users/javau/.m2/repository/org/json/json/20160810/json-20160810.jar!/org/json/JSONObject.class
	jar:file:/C:/Users/javau/.m2/repository/com/vaadin/external/google/android-json/0.0.20131108.vaadin1/android-json-0.0.20131108.vaadin1.jar!/org/json/JSONObject.class
	jar:file:/C:/Users/javau/.m2/repository/org/json/org.json/chargebee-1.0/org.json-chargebee-1.0.jar!/org/json/JSONObject.class

You may wish to exclude one of them to ensure predictable runtime behavior

2025-09-22 18:24:34,514 [main] INFO  o.s.t.c.s.AnnotationConfigContextLoaderUtils - Could not detect default configuration classes for test class [com.interview.capitalonesignalmock.C1CodeSignalTest]: C1CodeSignalTest does not declare any static, non-private, non-final, nested classes annotated with @Configuration.
2025-09-22 18:24:34,849 [main] INFO  o.s.t.c.s.AnnotationConfigContextLoaderUtils - Could not detect default configuration classes for test class [com.interview.capitalonesignalmock.Code1WarmUpSecondLargestTest]: Code1WarmUpSecondLargestTest does not declare any static, non-private, non-final, nested classes annotated with @Configuration.
2025-09-22 18:24:34,879 [main] INFO  o.s.t.c.s.AnnotationConfigContextLoaderUtils - Could not detect default configuration classes for test class [com.interview.capitalonesignalmock.Code2MediumLongestSubstringTest]: Code2MediumLongestSubstringTest does not declare any static, non-private, non-final, nested classes annotated with @Configuration.
2025-09-22 18:24:34,899 [main] INFO  o.s.t.c.s.AnnotationConfigContextLoaderUtils - Could not detect default configuration classes for test class [com.interview.capitalonesignalmock.Code3HardMaxPathSumTest]: Code3HardMaxPathSumTest does not declare any static, non-private, non-final, nested classes annotated with @Configuration.
2025-09-22 18:24:34,918 [main] INFO  o.s.t.c.s.AnnotationConfigContextLoaderUtils - Could not detect default configuration classes for test class [com.interview.capitalonesignalmock.Code4ExpertRateLimiterTest]: Code4ExpertRateLimiterTest does not declare any static, non-private, non-final, nested classes annotated with @Configuration.
2025-09-22 18:24:34,935 [main] INFO  o.s.t.c.s.AnnotationConfigContextLoaderUtils - Could not detect default configuration classes for test class [com.interview.codesignal.CodeSignalTest]: CodeSignalTest does not declare any static, non-private, non-final, nested classes annotated with @Configuration.
2025-09-22 18:24:34,975 [main] INFO  o.s.t.c.s.AnnotationConfigContextLoaderUtils - Could not detect default configuration classes for test class [com.mycompany.davidlee.InventoryTest]: InventoryTest does not declare any static, non-private, non-final, nested classes annotated with @Configuration.
2025-09-22 18:24:34,996 [main] INFO  o.s.t.c.s.AnnotationConfigContextLoaderUtils - Could not detect default configuration classes for test class [com.mycompany.davidlee.ItemTest]: ItemTest does not declare any static, non-private, non-final, nested classes annotated with @Configuration.
2025-09-22 18:24:35,019 [main] INFO  o.s.t.c.s.AnnotationConfigContextLoaderUtils - Could not detect default configuration classes for test class [com.mycompany.davidlee.StoreRegisterTest]: StoreRegisterTest does not declare any static, non-private, non-final, nested classes annotated with @Configuration.
2025-09-22 18:24:35,037 [main] INFO  o.s.t.c.s.AnnotationConfigContextLoaderUtils - Could not detect default configuration classes for test class [com.sisllc.mathformulas.ci.ch04.BinarySearchTreeTest]: BinarySearchTreeTest does not declare any static, non-private, non-final, nested classes annotated with @Configuration.
2025-09-22 18:24:35,052 [main] INFO  o.s.t.c.s.AnnotationConfigContextLoaderUtils - Could not detect default configuration classes for test class [com.sisllc.mathformulas.ci.ch04.GraphSearchTest]: GraphSearchTest does not declare any static, non-private, non-final, nested classes annotated with @Configuration.
2025-09-22 18:24:35,071 [main] INFO  o.s.t.c.s.AnnotationConfigContextLoaderUtils - Could not detect default configuration classes for test class [com.sisllc.mathformulas.impl.FactorNumberIntoPrimeIntArrayTest]: FactorNumberIntoPrimeIntArrayTest does not declare any static, non-private, non-final, nested classes annotated with @Configuration.
2025-09-22 18:24:35,086 [main] INFO  o.s.t.c.s.AnnotationConfigContextLoaderUtils - Could not detect default configuration classes for test class [com.sisllc.mathformulas.impl.FibonacciRecursiveTest]: FibonacciRecursiveTest does not declare any static, non-private, non-final, nested classes annotated with @Configuration.
2025-09-22 18:24:35,103 [main] INFO  o.s.t.c.s.AnnotationConfigContextLoaderUtils - Could not detect default configuration classes for test class [com.sisllc.mathformulas.impl.MortgageCalculatorTest]: MortgageCalculatorTest does not declare any static, non-private, non-final, nested classes annotated with @Configuration.
2025-09-22 18:24:35,117 [main] INFO  o.s.t.c.s.AnnotationConfigContextLoaderUtils - Could not detect default configuration classes for test class [com.sisllc.mathformulas.impl.PrimeNumbersTest]: PrimeNumbersTest does not declare any static, non-private, non-final, nested classes annotated with @Configuration.
2025-09-22 18:24:35,132 [main] INFO  o.s.t.c.s.AnnotationConfigContextLoaderUtils - Could not detect default configuration classes for test class [com.sisllc.mathformulas.impl.ProductOfPrimesBetweenLToRTest]: ProductOfPrimesBetweenLToRTest does not declare any static, non-private, non-final, nested classes annotated with @Configuration.
2025-09-22 18:24:35,146 [main] INFO  o.s.t.c.s.AnnotationConfigContextLoaderUtils - Could not detect default configuration classes for test class [com.sisllc.mathformulas.impl.SumOfSquaresTest]: SumOfSquaresTest does not declare any static, non-private, non-final, nested classes annotated with @Configuration.
2025-09-22 18:24:35,161 [main] INFO  o.s.t.c.s.AnnotationConfigContextLoaderUtils - Could not detect default configuration classes for test class [com.sisllc.mathformulas.impl.UnionIntersDiffCompleTest]: UnionIntersDiffCompleTest does not declare any static, non-private, non-final, nested classes annotated with @Configuration.
2025-09-22 18:24:35,177 [main] INFO  o.s.t.c.s.AnnotationConfigContextLoaderUtils - Could not detect default configuration classes for test class [com.sisllc.mathformulas.stringmanipulation.CapitalizeFirstLetterTest]: CapitalizeFirstLetterTest does not declare any static, non-private, non-final, nested classes annotated with @Configuration.
2025-09-22 18:24:35,191 [main] INFO  o.s.t.c.s.AnnotationConfigContextLoaderUtils - Could not detect default configuration classes for test class [com.sisllc.mathformulas.stringmanipulation.ExampleTest]: ExampleTest does not declare any static, non-private, non-final, nested classes annotated with @Configuration.
2025-09-22 18:24:35,208 [main] INFO  o.s.t.c.s.AnnotationConfigContextLoaderUtils - Could not detect default configuration classes for test class [com.sisllc.mathformulas.utils.PhoneNumberExtensionTest]: PhoneNumberExtensionTest does not declare any static, non-private, non-final, nested classes annotated with @Configuration.
2025-09-22 18:24:35,221 [main] INFO  o.s.t.c.s.AnnotationConfigContextLoaderUtils - Could not detect default configuration classes for test class [com.sisllc.mathformulas.utils.ValidateNpiWithRegistryTest]: ValidateNpiWithRegistryTest does not declare any static, non-private, non-final, nested classes annotated with @Configuration.
2025-09-22 18:24:35,402 [main] INFO  o.s.t.c.s.AnnotationConfigContextLoaderUtils - Could not detect default configuration classes for test class [com.spring5.ProjectTest]: ProjectTest does not declare any static, non-private, non-final, nested classes annotated with @Configuration.
2025-09-22 18:24:35,462 [main] INFO  o.s.t.c.s.AnnotationConfigContextLoaderUtils - Could not detect default configuration classes for test class [com.interview.capitalonesignalmock.C1CodeSignalTest]: C1CodeSignalTest does not declare any static, non-private, non-final, nested classes annotated with @Configuration.
2025-09-22 18:24:35,472 [main] INFO  o.s.t.c.s.AnnotationConfigContextLoaderUtils - Could not detect default configuration classes for test class [com.interview.capitalonesignalmock.Code1WarmUpSecondLargestTest]: Code1WarmUpSecondLargestTest does not declare any static, non-private, non-final, nested classes annotated with @Configuration.
2025-09-22 18:24:35,482 [main] INFO  o.s.t.c.s.AnnotationConfigContextLoaderUtils - Could not detect default configuration classes for test class [com.interview.capitalonesignalmock.Code2MediumLongestSubstringTest]: Code2MediumLongestSubstringTest does not declare any static, non-private, non-final, nested classes annotated with @Configuration.
2025-09-22 18:24:35,492 [main] INFO  o.s.t.c.s.AnnotationConfigContextLoaderUtils - Could not detect default configuration classes for test class [com.interview.capitalonesignalmock.Code3HardMaxPathSumTest]: Code3HardMaxPathSumTest does not declare any static, non-private, non-final, nested classes annotated with @Configuration.
2025-09-22 18:24:35,501 [main] INFO  o.s.t.c.s.AnnotationConfigContextLoaderUtils - Could not detect default configuration classes for test class [com.interview.capitalonesignalmock.Code4ExpertRateLimiterTest]: Code4ExpertRateLimiterTest does not declare any static, non-private, non-final, nested classes annotated with @Configuration.
2025-09-22 18:24:35,511 [main] INFO  o.s.t.c.s.AnnotationConfigContextLoaderUtils - Could not detect default configuration classes for test class [com.interview.codesignal.CodeSignalTest]: CodeSignalTest does not declare any static, non-private, non-final, nested classes annotated with @Configuration.
2025-09-22 18:24:35,520 [main] INFO  o.s.t.c.s.AnnotationConfigContextLoaderUtils - Could not detect default configuration classes for test class [com.mycompany.davidlee.InventoryTest]: InventoryTest does not declare any static, non-private, non-final, nested classes annotated with @Configuration.
2025-09-22 18:24:35,530 [main] INFO  o.s.t.c.s.AnnotationConfigContextLoaderUtils - Could not detect default configuration classes for test class [com.mycompany.davidlee.ItemTest]: ItemTest does not declare any static, non-private, non-final, nested classes annotated with @Configuration.
2025-09-22 18:24:35,539 [main] INFO  o.s.t.c.s.AnnotationConfigContextLoaderUtils - Could not detect default configuration classes for test class [com.mycompany.davidlee.StoreRegisterTest]: StoreRegisterTest does not declare any static, non-private, non-final, nested classes annotated with @Configuration.
2025-09-22 18:24:35,550 [main] INFO  o.s.t.c.s.AnnotationConfigContextLoaderUtils - Could not detect default configuration classes for test class [com.sisllc.mathformulas.ci.ch04.BinarySearchTreeTest]: BinarySearchTreeTest does not declare any static, non-private, non-final, nested classes annotated with @Configuration.
2025-09-22 18:24:35,560 [main] INFO  o.s.t.c.s.AnnotationConfigContextLoaderUtils - Could not detect default configuration classes for test class [com.sisllc.mathformulas.ci.ch04.GraphSearchTest]: GraphSearchTest does not declare any static, non-private, non-final, nested classes annotated with @Configuration.
2025-09-22 18:24:35,569 [main] INFO  o.s.t.c.s.AnnotationConfigContextLoaderUtils - Could not detect default configuration classes for test class [com.sisllc.mathformulas.impl.FactorNumberIntoPrimeIntArrayTest]: FactorNumberIntoPrimeIntArrayTest does not declare any static, non-private, non-final, nested classes annotated with @Configuration.
2025-09-22 18:24:35,580 [main] INFO  o.s.t.c.s.AnnotationConfigContextLoaderUtils - Could not detect default configuration classes for test class [com.sisllc.mathformulas.impl.FibonacciRecursiveTest]: FibonacciRecursiveTest does not declare any static, non-private, non-final, nested classes annotated with @Configuration.
2025-09-22 18:24:35,591 [main] INFO  o.s.t.c.s.AnnotationConfigContextLoaderUtils - Could not detect default configuration classes for test class [com.sisllc.mathformulas.impl.MortgageCalculatorTest]: MortgageCalculatorTest does not declare any static, non-private, non-final, nested classes annotated with @Configuration.
2025-09-22 18:24:35,601 [main] INFO  o.s.t.c.s.AnnotationConfigContextLoaderUtils - Could not detect default configuration classes for test class [com.sisllc.mathformulas.impl.PrimeNumbersTest]: PrimeNumbersTest does not declare any static, non-private, non-final, nested classes annotated with @Configuration.
2025-09-22 18:24:35,611 [main] INFO  o.s.t.c.s.AnnotationConfigContextLoaderUtils - Could not detect default configuration classes for test class [com.sisllc.mathformulas.impl.ProductOfPrimesBetweenLToRTest]: ProductOfPrimesBetweenLToRTest does not declare any static, non-private, non-final, nested classes annotated with @Configuration.
2025-09-22 18:24:35,622 [main] INFO  o.s.t.c.s.AnnotationConfigContextLoaderUtils - Could not detect default configuration classes for test class [com.sisllc.mathformulas.impl.SumOfSquaresTest]: SumOfSquaresTest does not declare any static, non-private, non-final, nested classes annotated with @Configuration.
2025-09-22 18:24:35,637 [main] INFO  o.s.t.c.s.AnnotationConfigContextLoaderUtils - Could not detect default configuration classes for test class [com.sisllc.mathformulas.impl.UnionIntersDiffCompleTest]: UnionIntersDiffCompleTest does not declare any static, non-private, non-final, nested classes annotated with @Configuration.
2025-09-22 18:24:35,651 [main] INFO  o.s.t.c.s.AnnotationConfigContextLoaderUtils - Could not detect default configuration classes for test class [com.sisllc.mathformulas.stringmanipulation.CapitalizeFirstLetterTest]: CapitalizeFirstLetterTest does not declare any static, non-private, non-final, nested classes annotated with @Configuration.
2025-09-22 18:24:35,662 [main] INFO  o.s.t.c.s.AnnotationConfigContextLoaderUtils - Could not detect default configuration classes for test class [com.sisllc.mathformulas.stringmanipulation.ExampleTest]: ExampleTest does not declare any static, non-private, non-final, nested classes annotated with @Configuration.
2025-09-22 18:24:35,674 [main] INFO  o.s.t.c.s.AnnotationConfigContextLoaderUtils - Could not detect default configuration classes for test class [com.sisllc.mathformulas.utils.PhoneNumberExtensionTest]: PhoneNumberExtensionTest does not declare any static, non-private, non-final, nested classes annotated with @Configuration.
2025-09-22 18:24:35,683 [main] INFO  o.s.t.c.s.AnnotationConfigContextLoaderUtils - Could not detect default configuration classes for test class [com.sisllc.mathformulas.utils.ValidateNpiWithRegistryTest]: ValidateNpiWithRegistryTest does not declare any static, non-private, non-final, nested classes annotated with @Configuration.
2025-09-22 18:24:35,693 [main] INFO  o.s.t.c.s.AnnotationConfigContextLoaderUtils - Could not detect default configuration classes for test class [com.spring5.ProjectTest]: ProjectTest does not declare any static, non-private, non-final, nested classes annotated with @Configuration.
2025-09-22 18:24:38,015 [main] WARN  o.s.b.t.j.DuplicateJsonObjectContextCustomizerFactory$DuplicateJsonObjectContextCustomizer - 

Found multiple occurrences of org.json.JSONObject on the class path:

	jar:file:/C:/Users/javau/.m2/repository/org/json/json/20160810/json-20160810.jar!/org/json/JSONObject.class
	jar:file:/C:/Users/javau/.m2/repository/com/vaadin/external/google/android-json/0.0.20131108.vaadin1/android-json-0.0.20131108.vaadin1.jar!/org/json/JSONObject.class
	jar:file:/C:/Users/javau/.m2/repository/org/json/org.json/chargebee-1.0/org.json-chargebee-1.0.jar!/org/json/JSONObject.class

You may wish to exclude one of them to ensure predictable runtime behavior

2025-09-22 18:24:42,683 [main] WARN  o.s.b.t.j.DuplicateJsonObjectContextCustomizerFactory$DuplicateJsonObjectContextCustomizer - 

Found multiple occurrences of org.json.JSONObject on the class path:

	jar:file:/C:/Users/javau/.m2/repository/org/json/json/20160810/json-20160810.jar!/org/json/JSONObject.class
	jar:file:/C:/Users/javau/.m2/repository/com/vaadin/external/google/android-json/0.0.20131108.vaadin1/android-json-0.0.20131108.vaadin1.jar!/org/json/JSONObject.class
	jar:file:/C:/Users/javau/.m2/repository/org/json/org.json/chargebee-1.0/org.json-chargebee-1.0.jar!/org/json/JSONObject.class

You may wish to exclude one of them to ensure predictable runtime behavior

2025-09-22 18:30:19,096 [main] INFO  o.s.t.c.s.AnnotationConfigContextLoaderUtils - Could not detect default configuration classes for test class [com.interview.capitalonesignalmock.C1CodeSignalTest]: C1CodeSignalTest does not declare any static, non-private, non-final, nested classes annotated with @Configuration.
2025-09-22 18:30:19,451 [main] INFO  o.s.t.c.s.AnnotationConfigContextLoaderUtils - Could not detect default configuration classes for test class [com.interview.capitalonesignalmock.Code1WarmUpSecondLargestTest]: Code1WarmUpSecondLargestTest does not declare any static, non-private, non-final, nested classes annotated with @Configuration.
2025-09-22 18:30:19,482 [main] INFO  o.s.t.c.s.AnnotationConfigContextLoaderUtils - Could not detect default configuration classes for test class [com.interview.capitalonesignalmock.Code2MediumLongestSubstringTest]: Code2MediumLongestSubstringTest does not declare any static, non-private, non-final, nested classes annotated with @Configuration.
2025-09-22 18:30:19,507 [main] INFO  o.s.t.c.s.AnnotationConfigContextLoaderUtils - Could not detect default configuration classes for test class [com.interview.capitalonesignalmock.Code3HardMaxPathSumTest]: Code3HardMaxPathSumTest does not declare any static, non-private, non-final, nested classes annotated with @Configuration.
2025-09-22 18:30:19,532 [main] INFO  o.s.t.c.s.AnnotationConfigContextLoaderUtils - Could not detect default configuration classes for test class [com.interview.capitalonesignalmock.Code4ExpertRateLimiterTest]: Code4ExpertRateLimiterTest does not declare any static, non-private, non-final, nested classes annotated with @Configuration.
2025-09-22 18:30:19,557 [main] INFO  o.s.t.c.s.AnnotationConfigContextLoaderUtils - Could not detect default configuration classes for test class [com.interview.codesignal.CodeSignalTest]: CodeSignalTest does not declare any static, non-private, non-final, nested classes annotated with @Configuration.
2025-09-22 18:30:19,608 [main] INFO  o.s.t.c.s.AnnotationConfigContextLoaderUtils - Could not detect default configuration classes for test class [com.mycompany.davidlee.InventoryTest]: InventoryTest does not declare any static, non-private, non-final, nested classes annotated with @Configuration.
2025-09-22 18:30:19,637 [main] INFO  o.s.t.c.s.AnnotationConfigContextLoaderUtils - Could not detect default configuration classes for test class [com.mycompany.davidlee.ItemTest]: ItemTest does not declare any static, non-private, non-final, nested classes annotated with @Configuration.
2025-09-22 18:30:19,667 [main] INFO  o.s.t.c.s.AnnotationConfigContextLoaderUtils - Could not detect default configuration classes for test class [com.mycompany.davidlee.StoreRegisterTest]: StoreRegisterTest does not declare any static, non-private, non-final, nested classes annotated with @Configuration.
2025-09-22 18:30:19,691 [main] INFO  o.s.t.c.s.AnnotationConfigContextLoaderUtils - Could not detect default configuration classes for test class [com.sisllc.mathformulas.ci.ch04.BinarySearchTreeTest]: BinarySearchTreeTest does not declare any static, non-private, non-final, nested classes annotated with @Configuration.
2025-09-22 18:30:19,711 [main] INFO  o.s.t.c.s.AnnotationConfigContextLoaderUtils - Could not detect default configuration classes for test class [com.sisllc.mathformulas.ci.ch04.GraphSearchTest]: GraphSearchTest does not declare any static, non-private, non-final, nested classes annotated with @Configuration.
2025-09-22 18:30:19,733 [main] INFO  o.s.t.c.s.AnnotationConfigContextLoaderUtils - Could not detect default configuration classes for test class [com.sisllc.mathformulas.impl.FactorNumberIntoPrimeIntArrayTest]: FactorNumberIntoPrimeIntArrayTest does not declare any static, non-private, non-final, nested classes annotated with @Configuration.
2025-09-22 18:30:19,751 [main] INFO  o.s.t.c.s.AnnotationConfigContextLoaderUtils - Could not detect default configuration classes for test class [com.sisllc.mathformulas.impl.FibonacciRecursiveTest]: FibonacciRecursiveTest does not declare any static, non-private, non-final, nested classes annotated with @Configuration.
2025-09-22 18:30:19,768 [main] INFO  o.s.t.c.s.AnnotationConfigContextLoaderUtils - Could not detect default configuration classes for test class [com.sisllc.mathformulas.impl.MortgageCalculatorTest]: MortgageCalculatorTest does not declare any static, non-private, non-final, nested classes annotated with @Configuration.
2025-09-22 18:30:19,785 [main] INFO  o.s.t.c.s.AnnotationConfigContextLoaderUtils - Could not detect default configuration classes for test class [com.sisllc.mathformulas.impl.PrimeNumbersTest]: PrimeNumbersTest does not declare any static, non-private, non-final, nested classes annotated with @Configuration.
2025-09-22 18:30:19,802 [main] INFO  o.s.t.c.s.AnnotationConfigContextLoaderUtils - Could not detect default configuration classes for test class [com.sisllc.mathformulas.impl.ProductOfPrimesBetweenLToRTest]: ProductOfPrimesBetweenLToRTest does not declare any static, non-private, non-final, nested classes annotated with @Configuration.
2025-09-22 18:30:19,818 [main] INFO  o.s.t.c.s.AnnotationConfigContextLoaderUtils - Could not detect default configuration classes for test class [com.sisllc.mathformulas.impl.SumOfSquaresTest]: SumOfSquaresTest does not declare any static, non-private, non-final, nested classes annotated with @Configuration.
2025-09-22 18:30:19,835 [main] INFO  o.s.t.c.s.AnnotationConfigContextLoaderUtils - Could not detect default configuration classes for test class [com.sisllc.mathformulas.impl.UnionIntersDiffCompleTest]: UnionIntersDiffCompleTest does not declare any static, non-private, non-final, nested classes annotated with @Configuration.
2025-09-22 18:30:19,852 [main] INFO  o.s.t.c.s.AnnotationConfigContextLoaderUtils - Could not detect default configuration classes for test class [com.sisllc.mathformulas.stringmanipulation.CapitalizeFirstLetterTest]: CapitalizeFirstLetterTest does not declare any static, non-private, non-final, nested classes annotated with @Configuration.
2025-09-22 18:30:19,868 [main] INFO  o.s.t.c.s.AnnotationConfigContextLoaderUtils - Could not detect default configuration classes for test class [com.sisllc.mathformulas.stringmanipulation.ExampleTest]: ExampleTest does not declare any static, non-private, non-final, nested classes annotated with @Configuration.
2025-09-22 18:30:19,888 [main] INFO  o.s.t.c.s.AnnotationConfigContextLoaderUtils - Could not detect default configuration classes for test class [com.sisllc.mathformulas.utils.PhoneNumberExtensionTest]: PhoneNumberExtensionTest does not declare any static, non-private, non-final, nested classes annotated with @Configuration.
2025-09-22 18:30:19,903 [main] INFO  o.s.t.c.s.AnnotationConfigContextLoaderUtils - Could not detect default configuration classes for test class [com.sisllc.mathformulas.utils.ValidateNpiWithRegistryTest]: ValidateNpiWithRegistryTest does not declare any static, non-private, non-final, nested classes annotated with @Configuration.
2025-09-22 18:30:20,106 [main] INFO  o.s.t.c.s.AnnotationConfigContextLoaderUtils - Could not detect default configuration classes for test class [com.spring5.ProjectTest]: ProjectTest does not declare any static, non-private, non-final, nested classes annotated with @Configuration.
2025-09-22 18:30:20,176 [main] INFO  o.s.t.c.s.AnnotationConfigContextLoaderUtils - Could not detect default configuration classes for test class [com.interview.capitalonesignalmock.C1CodeSignalTest]: C1CodeSignalTest does not declare any static, non-private, non-final, nested classes annotated with @Configuration.
2025-09-22 18:30:20,195 [main] INFO  o.s.t.c.s.AnnotationConfigContextLoaderUtils - Could not detect default configuration classes for test class [com.interview.capitalonesignalmock.Code1WarmUpSecondLargestTest]: Code1WarmUpSecondLargestTest does not declare any static, non-private, non-final, nested classes annotated with @Configuration.
2025-09-22 18:30:20,206 [main] INFO  o.s.t.c.s.AnnotationConfigContextLoaderUtils - Could not detect default configuration classes for test class [com.interview.capitalonesignalmock.Code2MediumLongestSubstringTest]: Code2MediumLongestSubstringTest does not declare any static, non-private, non-final, nested classes annotated with @Configuration.
2025-09-22 18:30:20,218 [main] INFO  o.s.t.c.s.AnnotationConfigContextLoaderUtils - Could not detect default configuration classes for test class [com.interview.capitalonesignalmock.Code3HardMaxPathSumTest]: Code3HardMaxPathSumTest does not declare any static, non-private, non-final, nested classes annotated with @Configuration.
2025-09-22 18:30:20,229 [main] INFO  o.s.t.c.s.AnnotationConfigContextLoaderUtils - Could not detect default configuration classes for test class [com.interview.capitalonesignalmock.Code4ExpertRateLimiterTest]: Code4ExpertRateLimiterTest does not declare any static, non-private, non-final, nested classes annotated with @Configuration.
2025-09-22 18:30:20,239 [main] INFO  o.s.t.c.s.AnnotationConfigContextLoaderUtils - Could not detect default configuration classes for test class [com.interview.codesignal.CodeSignalTest]: CodeSignalTest does not declare any static, non-private, non-final, nested classes annotated with @Configuration.
2025-09-22 18:30:20,250 [main] INFO  o.s.t.c.s.AnnotationConfigContextLoaderUtils - Could not detect default configuration classes for test class [com.mycompany.davidlee.InventoryTest]: InventoryTest does not declare any static, non-private, non-final, nested classes annotated with @Configuration.
2025-09-22 18:30:20,260 [main] INFO  o.s.t.c.s.AnnotationConfigContextLoaderUtils - Could not detect default configuration classes for test class [com.mycompany.davidlee.ItemTest]: ItemTest does not declare any static, non-private, non-final, nested classes annotated with @Configuration.
2025-09-22 18:30:20,274 [main] INFO  o.s.t.c.s.AnnotationConfigContextLoaderUtils - Could not detect default configuration classes for test class [com.mycompany.davidlee.StoreRegisterTest]: StoreRegisterTest does not declare any static, non-private, non-final, nested classes annotated with @Configuration.
2025-09-22 18:30:20,284 [main] INFO  o.s.t.c.s.AnnotationConfigContextLoaderUtils - Could not detect default configuration classes for test class [com.sisllc.mathformulas.ci.ch04.BinarySearchTreeTest]: BinarySearchTreeTest does not declare any static, non-private, non-final, nested classes annotated with @Configuration.
2025-09-22 18:30:20,297 [main] INFO  o.s.t.c.s.AnnotationConfigContextLoaderUtils - Could not detect default configuration classes for test class [com.sisllc.mathformulas.ci.ch04.GraphSearchTest]: GraphSearchTest does not declare any static, non-private, non-final, nested classes annotated with @Configuration.
2025-09-22 18:30:20,314 [main] INFO  o.s.t.c.s.AnnotationConfigContextLoaderUtils - Could not detect default configuration classes for test class [com.sisllc.mathformulas.impl.FactorNumberIntoPrimeIntArrayTest]: FactorNumberIntoPrimeIntArrayTest does not declare any static, non-private, non-final, nested classes annotated with @Configuration.
2025-09-22 18:30:20,327 [main] INFO  o.s.t.c.s.AnnotationConfigContextLoaderUtils - Could not detect default configuration classes for test class [com.sisllc.mathformulas.impl.FibonacciRecursiveTest]: FibonacciRecursiveTest does not declare any static, non-private, non-final, nested classes annotated with @Configuration.
2025-09-22 18:30:20,338 [main] INFO  o.s.t.c.s.AnnotationConfigContextLoaderUtils - Could not detect default configuration classes for test class [com.sisllc.mathformulas.impl.MortgageCalculatorTest]: MortgageCalculatorTest does not declare any static, non-private, non-final, nested classes annotated with @Configuration.
2025-09-22 18:30:20,350 [main] INFO  o.s.t.c.s.AnnotationConfigContextLoaderUtils - Could not detect default configuration classes for test class [com.sisllc.mathformulas.impl.PrimeNumbersTest]: PrimeNumbersTest does not declare any static, non-private, non-final, nested classes annotated with @Configuration.
2025-09-22 18:30:20,361 [main] INFO  o.s.t.c.s.AnnotationConfigContextLoaderUtils - Could not detect default configuration classes for test class [com.sisllc.mathformulas.impl.ProductOfPrimesBetweenLToRTest]: ProductOfPrimesBetweenLToRTest does not declare any static, non-private, non-final, nested classes annotated with @Configuration.
2025-09-22 18:30:20,376 [main] INFO  o.s.t.c.s.AnnotationConfigContextLoaderUtils - Could not detect default configuration classes for test class [com.sisllc.mathformulas.impl.SumOfSquaresTest]: SumOfSquaresTest does not declare any static, non-private, non-final, nested classes annotated with @Configuration.
2025-09-22 18:30:20,388 [main] INFO  o.s.t.c.s.AnnotationConfigContextLoaderUtils - Could not detect default configuration classes for test class [com.sisllc.mathformulas.impl.UnionIntersDiffCompleTest]: UnionIntersDiffCompleTest does not declare any static, non-private, non-final, nested classes annotated with @Configuration.
2025-09-22 18:30:20,398 [main] INFO  o.s.t.c.s.AnnotationConfigContextLoaderUtils - Could not detect default configuration classes for test class [com.sisllc.mathformulas.stringmanipulation.CapitalizeFirstLetterTest]: CapitalizeFirstLetterTest does not declare any static, non-private, non-final, nested classes annotated with @Configuration.
2025-09-22 18:30:20,407 [main] INFO  o.s.t.c.s.AnnotationConfigContextLoaderUtils - Could not detect default configuration classes for test class [com.sisllc.mathformulas.stringmanipulation.ExampleTest]: ExampleTest does not declare any static, non-private, non-final, nested classes annotated with @Configuration.
2025-09-22 18:30:20,418 [main] INFO  o.s.t.c.s.AnnotationConfigContextLoaderUtils - Could not detect default configuration classes for test class [com.sisllc.mathformulas.utils.PhoneNumberExtensionTest]: PhoneNumberExtensionTest does not declare any static, non-private, non-final, nested classes annotated with @Configuration.
2025-09-22 18:30:20,427 [main] INFO  o.s.t.c.s.AnnotationConfigContextLoaderUtils - Could not detect default configuration classes for test class [com.sisllc.mathformulas.utils.ValidateNpiWithRegistryTest]: ValidateNpiWithRegistryTest does not declare any static, non-private, non-final, nested classes annotated with @Configuration.
2025-09-22 18:30:20,437 [main] INFO  o.s.t.c.s.AnnotationConfigContextLoaderUtils - Could not detect default configuration classes for test class [com.spring5.ProjectTest]: ProjectTest does not declare any static, non-private, non-final, nested classes annotated with @Configuration.
2025-09-22 18:30:22,941 [main] WARN  o.s.b.t.j.DuplicateJsonObjectContextCustomizerFactory$DuplicateJsonObjectContextCustomizer - 

Found multiple occurrences of org.json.JSONObject on the class path:

	jar:file:/C:/Users/javau/.m2/repository/org/json/json/20160810/json-20160810.jar!/org/json/JSONObject.class
	jar:file:/C:/Users/javau/.m2/repository/com/vaadin/external/google/android-json/0.0.20131108.vaadin1/android-json-0.0.20131108.vaadin1.jar!/org/json/JSONObject.class
	jar:file:/C:/Users/javau/.m2/repository/org/json/org.json/chargebee-1.0/org.json-chargebee-1.0.jar!/org/json/JSONObject.class

You may wish to exclude one of them to ensure predictable runtime behavior

2025-09-22 18:30:27,588 [main] WARN  o.s.b.t.j.DuplicateJsonObjectContextCustomizerFactory$DuplicateJsonObjectContextCustomizer - 

Found multiple occurrences of org.json.JSONObject on the class path:

	jar:file:/C:/Users/javau/.m2/repository/org/json/json/20160810/json-20160810.jar!/org/json/JSONObject.class
	jar:file:/C:/Users/javau/.m2/repository/com/vaadin/external/google/android-json/0.0.20131108.vaadin1/android-json-0.0.20131108.vaadin1.jar!/org/json/JSONObject.class
	jar:file:/C:/Users/javau/.m2/repository/org/json/org.json/chargebee-1.0/org.json-chargebee-1.0.jar!/org/json/JSONObject.class

You may wish to exclude one of them to ensure predictable runtime behavior

2025-09-22 20:14:58,060 [main] INFO  o.s.t.c.s.AnnotationConfigContextLoaderUtils - Could not detect default configuration classes for test class [com.interview.capitalonesignalmock.C1CodeSignalTest]: C1CodeSignalTest does not declare any static, non-private, non-final, nested classes annotated with @Configuration.
2025-09-22 20:14:58,301 [main] INFO  o.s.t.c.s.AnnotationConfigContextLoaderUtils - Could not detect default configuration classes for test class [com.interview.capitalonesignalmock.Code1WarmUpSecondLargestTest]: Code1WarmUpSecondLargestTest does not declare any static, non-private, non-final, nested classes annotated with @Configuration.
2025-09-22 20:14:58,323 [main] INFO  o.s.t.c.s.AnnotationConfigContextLoaderUtils - Could not detect default configuration classes for test class [com.interview.capitalonesignalmock.Code2MediumLongestSubstringTest]: Code2MediumLongestSubstringTest does not declare any static, non-private, non-final, nested classes annotated with @Configuration.
2025-09-22 20:14:58,341 [main] INFO  o.s.t.c.s.AnnotationConfigContextLoaderUtils - Could not detect default configuration classes for test class [com.interview.capitalonesignalmock.Code3HardMaxPathSumTest]: Code3HardMaxPathSumTest does not declare any static, non-private, non-final, nested classes annotated with @Configuration.
2025-09-22 20:14:58,358 [main] INFO  o.s.t.c.s.AnnotationConfigContextLoaderUtils - Could not detect default configuration classes for test class [com.interview.capitalonesignalmock.Code4ExpertRateLimiterTest]: Code4ExpertRateLimiterTest does not declare any static, non-private, non-final, nested classes annotated with @Configuration.
2025-09-22 20:14:58,374 [main] INFO  o.s.t.c.s.AnnotationConfigContextLoaderUtils - Could not detect default configuration classes for test class [com.interview.codesignal.CodeSignalTest]: CodeSignalTest does not declare any static, non-private, non-final, nested classes annotated with @Configuration.
2025-09-22 20:14:58,407 [main] INFO  o.s.t.c.s.AnnotationConfigContextLoaderUtils - Could not detect default configuration classes for test class [com.mycompany.davidlee.InventoryTest]: InventoryTest does not declare any static, non-private, non-final, nested classes annotated with @Configuration.
2025-09-22 20:14:58,425 [main] INFO  o.s.t.c.s.AnnotationConfigContextLoaderUtils - Could not detect default configuration classes for test class [com.mycompany.davidlee.ItemTest]: ItemTest does not declare any static, non-private, non-final, nested classes annotated with @Configuration.
2025-09-22 20:14:58,448 [main] INFO  o.s.t.c.s.AnnotationConfigContextLoaderUtils - Could not detect default configuration classes for test class [com.mycompany.davidlee.StoreRegisterTest]: StoreRegisterTest does not declare any static, non-private, non-final, nested classes annotated with @Configuration.
2025-09-22 20:14:58,465 [main] INFO  o.s.t.c.s.AnnotationConfigContextLoaderUtils - Could not detect default configuration classes for test class [com.sisllc.mathformulas.ci.ch04.BinarySearchTreeTest]: BinarySearchTreeTest does not declare any static, non-private, non-final, nested classes annotated with @Configuration.
2025-09-22 20:14:58,479 [main] INFO  o.s.t.c.s.AnnotationConfigContextLoaderUtils - Could not detect default configuration classes for test class [com.sisllc.mathformulas.ci.ch04.GraphSearchTest]: GraphSearchTest does not declare any static, non-private, non-final, nested classes annotated with @Configuration.
2025-09-22 20:14:58,495 [main] INFO  o.s.t.c.s.AnnotationConfigContextLoaderUtils - Could not detect default configuration classes for test class [com.sisllc.mathformulas.impl.FactorNumberIntoPrimeIntArrayTest]: FactorNumberIntoPrimeIntArrayTest does not declare any static, non-private, non-final, nested classes annotated with @Configuration.
2025-09-22 20:14:58,509 [main] INFO  o.s.t.c.s.AnnotationConfigContextLoaderUtils - Could not detect default configuration classes for test class [com.sisllc.mathformulas.impl.FibonacciRecursiveTest]: FibonacciRecursiveTest does not declare any static, non-private, non-final, nested classes annotated with @Configuration.
2025-09-22 20:14:58,521 [main] INFO  o.s.t.c.s.AnnotationConfigContextLoaderUtils - Could not detect default configuration classes for test class [com.sisllc.mathformulas.impl.MortgageCalculatorTest]: MortgageCalculatorTest does not declare any static, non-private, non-final, nested classes annotated with @Configuration.
2025-09-22 20:14:58,532 [main] INFO  o.s.t.c.s.AnnotationConfigContextLoaderUtils - Could not detect default configuration classes for test class [com.sisllc.mathformulas.impl.PrimeNumbersTest]: PrimeNumbersTest does not declare any static, non-private, non-final, nested classes annotated with @Configuration.
2025-09-22 20:14:58,545 [main] INFO  o.s.t.c.s.AnnotationConfigContextLoaderUtils - Could not detect default configuration classes for test class [com.sisllc.mathformulas.impl.ProductOfPrimesBetweenLToRTest]: ProductOfPrimesBetweenLToRTest does not declare any static, non-private, non-final, nested classes annotated with @Configuration.
2025-09-22 20:14:58,557 [main] INFO  o.s.t.c.s.AnnotationConfigContextLoaderUtils - Could not detect default configuration classes for test class [com.sisllc.mathformulas.impl.SumOfSquaresTest]: SumOfSquaresTest does not declare any static, non-private, non-final, nested classes annotated with @Configuration.
2025-09-22 20:14:58,569 [main] INFO  o.s.t.c.s.AnnotationConfigContextLoaderUtils - Could not detect default configuration classes for test class [com.sisllc.mathformulas.impl.UnionIntersDiffCompleTest]: UnionIntersDiffCompleTest does not declare any static, non-private, non-final, nested classes annotated with @Configuration.
2025-09-22 20:14:58,583 [main] INFO  o.s.t.c.s.AnnotationConfigContextLoaderUtils - Could not detect default configuration classes for test class [com.sisllc.mathformulas.stringmanipulation.CapitalizeFirstLetterTest]: CapitalizeFirstLetterTest does not declare any static, non-private, non-final, nested classes annotated with @Configuration.
2025-09-22 20:14:58,595 [main] INFO  o.s.t.c.s.AnnotationConfigContextLoaderUtils - Could not detect default configuration classes for test class [com.sisllc.mathformulas.stringmanipulation.ExampleTest]: ExampleTest does not declare any static, non-private, non-final, nested classes annotated with @Configuration.
2025-09-22 20:14:58,611 [main] INFO  o.s.t.c.s.AnnotationConfigContextLoaderUtils - Could not detect default configuration classes for test class [com.sisllc.mathformulas.utils.PhoneNumberExtensionTest]: PhoneNumberExtensionTest does not declare any static, non-private, non-final, nested classes annotated with @Configuration.
2025-09-22 20:14:58,623 [main] INFO  o.s.t.c.s.AnnotationConfigContextLoaderUtils - Could not detect default configuration classes for test class [com.sisllc.mathformulas.utils.ValidateNpiWithRegistryTest]: ValidateNpiWithRegistryTest does not declare any static, non-private, non-final, nested classes annotated with @Configuration.
2025-09-22 20:14:58,771 [main] INFO  o.s.t.c.s.AnnotationConfigContextLoaderUtils - Could not detect default configuration classes for test class [com.spring5.ProjectTest]: ProjectTest does not declare any static, non-private, non-final, nested classes annotated with @Configuration.
2025-09-22 20:14:58,818 [main] INFO  o.s.t.c.s.AnnotationConfigContextLoaderUtils - Could not detect default configuration classes for test class [com.interview.capitalonesignalmock.C1CodeSignalTest]: C1CodeSignalTest does not declare any static, non-private, non-final, nested classes annotated with @Configuration.
2025-09-22 20:14:58,826 [main] INFO  o.s.t.c.s.AnnotationConfigContextLoaderUtils - Could not detect default configuration classes for test class [com.interview.capitalonesignalmock.Code1WarmUpSecondLargestTest]: Code1WarmUpSecondLargestTest does not declare any static, non-private, non-final, nested classes annotated with @Configuration.
2025-09-22 20:14:58,835 [main] INFO  o.s.t.c.s.AnnotationConfigContextLoaderUtils - Could not detect default configuration classes for test class [com.interview.capitalonesignalmock.Code2MediumLongestSubstringTest]: Code2MediumLongestSubstringTest does not declare any static, non-private, non-final, nested classes annotated with @Configuration.
2025-09-22 20:14:58,842 [main] INFO  o.s.t.c.s.AnnotationConfigContextLoaderUtils - Could not detect default configuration classes for test class [com.interview.capitalonesignalmock.Code3HardMaxPathSumTest]: Code3HardMaxPathSumTest does not declare any static, non-private, non-final, nested classes annotated with @Configuration.
2025-09-22 20:14:58,848 [main] INFO  o.s.t.c.s.AnnotationConfigContextLoaderUtils - Could not detect default configuration classes for test class [com.interview.capitalonesignalmock.Code4ExpertRateLimiterTest]: Code4ExpertRateLimiterTest does not declare any static, non-private, non-final, nested classes annotated with @Configuration.
2025-09-22 20:14:58,856 [main] INFO  o.s.t.c.s.AnnotationConfigContextLoaderUtils - Could not detect default configuration classes for test class [com.interview.codesignal.CodeSignalTest]: CodeSignalTest does not declare any static, non-private, non-final, nested classes annotated with @Configuration.
2025-09-22 20:14:58,864 [main] INFO  o.s.t.c.s.AnnotationConfigContextLoaderUtils - Could not detect default configuration classes for test class [com.mycompany.davidlee.InventoryTest]: InventoryTest does not declare any static, non-private, non-final, nested classes annotated with @Configuration.
2025-09-22 20:14:58,873 [main] INFO  o.s.t.c.s.AnnotationConfigContextLoaderUtils - Could not detect default configuration classes for test class [com.mycompany.davidlee.ItemTest]: ItemTest does not declare any static, non-private, non-final, nested classes annotated with @Configuration.
2025-09-22 20:14:58,881 [main] INFO  o.s.t.c.s.AnnotationConfigContextLoaderUtils - Could not detect default configuration classes for test class [com.mycompany.davidlee.StoreRegisterTest]: StoreRegisterTest does not declare any static, non-private, non-final, nested classes annotated with @Configuration.
2025-09-22 20:14:58,889 [main] INFO  o.s.t.c.s.AnnotationConfigContextLoaderUtils - Could not detect default configuration classes for test class [com.sisllc.mathformulas.ci.ch04.BinarySearchTreeTest]: BinarySearchTreeTest does not declare any static, non-private, non-final, nested classes annotated with @Configuration.
2025-09-22 20:14:58,897 [main] INFO  o.s.t.c.s.AnnotationConfigContextLoaderUtils - Could not detect default configuration classes for test class [com.sisllc.mathformulas.ci.ch04.GraphSearchTest]: GraphSearchTest does not declare any static, non-private, non-final, nested classes annotated with @Configuration.
2025-09-22 20:14:58,906 [main] INFO  o.s.t.c.s.AnnotationConfigContextLoaderUtils - Could not detect default configuration classes for test class [com.sisllc.mathformulas.impl.FactorNumberIntoPrimeIntArrayTest]: FactorNumberIntoPrimeIntArrayTest does not declare any static, non-private, non-final, nested classes annotated with @Configuration.
2025-09-22 20:14:58,915 [main] INFO  o.s.t.c.s.AnnotationConfigContextLoaderUtils - Could not detect default configuration classes for test class [com.sisllc.mathformulas.impl.FibonacciRecursiveTest]: FibonacciRecursiveTest does not declare any static, non-private, non-final, nested classes annotated with @Configuration.
2025-09-22 20:14:58,923 [main] INFO  o.s.t.c.s.AnnotationConfigContextLoaderUtils - Could not detect default configuration classes for test class [com.sisllc.mathformulas.impl.MortgageCalculatorTest]: MortgageCalculatorTest does not declare any static, non-private, non-final, nested classes annotated with @Configuration.
2025-09-22 20:14:58,932 [main] INFO  o.s.t.c.s.AnnotationConfigContextLoaderUtils - Could not detect default configuration classes for test class [com.sisllc.mathformulas.impl.PrimeNumbersTest]: PrimeNumbersTest does not declare any static, non-private, non-final, nested classes annotated with @Configuration.
2025-09-22 20:14:58,940 [main] INFO  o.s.t.c.s.AnnotationConfigContextLoaderUtils - Could not detect default configuration classes for test class [com.sisllc.mathformulas.impl.ProductOfPrimesBetweenLToRTest]: ProductOfPrimesBetweenLToRTest does not declare any static, non-private, non-final, nested classes annotated with @Configuration.
2025-09-22 20:14:58,949 [main] INFO  o.s.t.c.s.AnnotationConfigContextLoaderUtils - Could not detect default configuration classes for test class [com.sisllc.mathformulas.impl.SumOfSquaresTest]: SumOfSquaresTest does not declare any static, non-private, non-final, nested classes annotated with @Configuration.
2025-09-22 20:14:58,958 [main] INFO  o.s.t.c.s.AnnotationConfigContextLoaderUtils - Could not detect default configuration classes for test class [com.sisllc.mathformulas.impl.UnionIntersDiffCompleTest]: UnionIntersDiffCompleTest does not declare any static, non-private, non-final, nested classes annotated with @Configuration.
2025-09-22 20:14:58,967 [main] INFO  o.s.t.c.s.AnnotationConfigContextLoaderUtils - Could not detect default configuration classes for test class [com.sisllc.mathformulas.stringmanipulation.CapitalizeFirstLetterTest]: CapitalizeFirstLetterTest does not declare any static, non-private, non-final, nested classes annotated with @Configuration.
2025-09-22 20:14:58,976 [main] INFO  o.s.t.c.s.AnnotationConfigContextLoaderUtils - Could not detect default configuration classes for test class [com.sisllc.mathformulas.stringmanipulation.ExampleTest]: ExampleTest does not declare any static, non-private, non-final, nested classes annotated with @Configuration.
2025-09-22 20:14:58,984 [main] INFO  o.s.t.c.s.AnnotationConfigContextLoaderUtils - Could not detect default configuration classes for test class [com.sisllc.mathformulas.utils.PhoneNumberExtensionTest]: PhoneNumberExtensionTest does not declare any static, non-private, non-final, nested classes annotated with @Configuration.
2025-09-22 20:14:58,993 [main] INFO  o.s.t.c.s.AnnotationConfigContextLoaderUtils - Could not detect default configuration classes for test class [com.sisllc.mathformulas.utils.ValidateNpiWithRegistryTest]: ValidateNpiWithRegistryTest does not declare any static, non-private, non-final, nested classes annotated with @Configuration.
2025-09-22 20:14:59,003 [main] INFO  o.s.t.c.s.AnnotationConfigContextLoaderUtils - Could not detect default configuration classes for test class [com.spring5.ProjectTest]: ProjectTest does not declare any static, non-private, non-final, nested classes annotated with @Configuration.
2025-09-22 20:15:01,082 [main] WARN  o.s.b.t.j.DuplicateJsonObjectContextCustomizerFactory$DuplicateJsonObjectContextCustomizer - 

Found multiple occurrences of org.json.JSONObject on the class path:

	jar:file:/C:/Users/javau/.m2/repository/org/json/json/20160810/json-20160810.jar!/org/json/JSONObject.class
	jar:file:/C:/Users/javau/.m2/repository/com/vaadin/external/google/android-json/0.0.20131108.vaadin1/android-json-0.0.20131108.vaadin1.jar!/org/json/JSONObject.class
	jar:file:/C:/Users/javau/.m2/repository/org/json/org.json/chargebee-1.0/org.json-chargebee-1.0.jar!/org/json/JSONObject.class

You may wish to exclude one of them to ensure predictable runtime behavior

2025-09-22 20:15:05,627 [main] WARN  o.s.b.t.j.DuplicateJsonObjectContextCustomizerFactory$DuplicateJsonObjectContextCustomizer - 

Found multiple occurrences of org.json.JSONObject on the class path:

	jar:file:/C:/Users/javau/.m2/repository/org/json/json/20160810/json-20160810.jar!/org/json/JSONObject.class
	jar:file:/C:/Users/javau/.m2/repository/com/vaadin/external/google/android-json/0.0.20131108.vaadin1/android-json-0.0.20131108.vaadin1.jar!/org/json/JSONObject.class
	jar:file:/C:/Users/javau/.m2/repository/org/json/org.json/chargebee-1.0/org.json-chargebee-1.0.jar!/org/json/JSONObject.class

You may wish to exclude one of them to ensure predictable runtime behavior

2025-09-23 12:33:08,961 [main] INFO  o.s.t.c.s.AnnotationConfigContextLoaderUtils - Could not detect default configuration classes for test class [com.interview.capitalonesignalmock.C1CodeSignalTest]: C1CodeSignalTest does not declare any static, non-private, non-final, nested classes annotated with @Configuration.
2025-09-23 12:33:09,233 [main] INFO  o.s.t.c.s.AnnotationConfigContextLoaderUtils - Could not detect default configuration classes for test class [com.interview.capitalonesignalmock.Code1WarmUpSecondLargestTest]: Code1WarmUpSecondLargestTest does not declare any static, non-private, non-final, nested classes annotated with @Configuration.
2025-09-23 12:33:09,253 [main] INFO  o.s.t.c.s.AnnotationConfigContextLoaderUtils - Could not detect default configuration classes for test class [com.interview.capitalonesignalmock.Code2MediumLongestSubstringTest]: Code2MediumLongestSubstringTest does not declare any static, non-private, non-final, nested classes annotated with @Configuration.
2025-09-23 12:33:09,271 [main] INFO  o.s.t.c.s.AnnotationConfigContextLoaderUtils - Could not detect default configuration classes for test class [com.interview.capitalonesignalmock.Code3HardMaxPathSumTest]: Code3HardMaxPathSumTest does not declare any static, non-private, non-final, nested classes annotated with @Configuration.
2025-09-23 12:33:09,287 [main] INFO  o.s.t.c.s.AnnotationConfigContextLoaderUtils - Could not detect default configuration classes for test class [com.interview.capitalonesignalmock.Code4ExpertRateLimiterTest]: Code4ExpertRateLimiterTest does not declare any static, non-private, non-final, nested classes annotated with @Configuration.
2025-09-23 12:33:09,303 [main] INFO  o.s.t.c.s.AnnotationConfigContextLoaderUtils - Could not detect default configuration classes for test class [com.interview.codesignal.CodeSignalTest]: CodeSignalTest does not declare any static, non-private, non-final, nested classes annotated with @Configuration.
2025-09-23 12:33:09,339 [main] INFO  o.s.t.c.s.AnnotationConfigContextLoaderUtils - Could not detect default configuration classes for test class [com.mycompany.davidlee.InventoryTest]: InventoryTest does not declare any static, non-private, non-final, nested classes annotated with @Configuration.
2025-09-23 12:33:09,358 [main] INFO  o.s.t.c.s.AnnotationConfigContextLoaderUtils - Could not detect default configuration classes for test class [com.mycompany.davidlee.ItemTest]: ItemTest does not declare any static, non-private, non-final, nested classes annotated with @Configuration.
2025-09-23 12:33:09,377 [main] INFO  o.s.t.c.s.AnnotationConfigContextLoaderUtils - Could not detect default configuration classes for test class [com.mycompany.davidlee.StoreRegisterTest]: StoreRegisterTest does not declare any static, non-private, non-final, nested classes annotated with @Configuration.
2025-09-23 12:33:09,392 [main] INFO  o.s.t.c.s.AnnotationConfigContextLoaderUtils - Could not detect default configuration classes for test class [com.sisllc.mathformulas.ci.ch04.BinarySearchTreeTest]: BinarySearchTreeTest does not declare any static, non-private, non-final, nested classes annotated with @Configuration.
2025-09-23 12:33:09,404 [main] INFO  o.s.t.c.s.AnnotationConfigContextLoaderUtils - Could not detect default configuration classes for test class [com.sisllc.mathformulas.ci.ch04.GraphSearchTest]: GraphSearchTest does not declare any static, non-private, non-final, nested classes annotated with @Configuration.
2025-09-23 12:33:09,419 [main] INFO  o.s.t.c.s.AnnotationConfigContextLoaderUtils - Could not detect default configuration classes for test class [com.sisllc.mathformulas.impl.FactorNumberIntoPrimeIntArrayTest]: FactorNumberIntoPrimeIntArrayTest does not declare any static, non-private, non-final, nested classes annotated with @Configuration.
2025-09-23 12:33:09,432 [main] INFO  o.s.t.c.s.AnnotationConfigContextLoaderUtils - Could not detect default configuration classes for test class [com.sisllc.mathformulas.impl.FibonacciRecursiveTest]: FibonacciRecursiveTest does not declare any static, non-private, non-final, nested classes annotated with @Configuration.
2025-09-23 12:33:09,445 [main] INFO  o.s.t.c.s.AnnotationConfigContextLoaderUtils - Could not detect default configuration classes for test class [com.sisllc.mathformulas.impl.MortgageCalculatorTest]: MortgageCalculatorTest does not declare any static, non-private, non-final, nested classes annotated with @Configuration.
2025-09-23 12:33:09,456 [main] INFO  o.s.t.c.s.AnnotationConfigContextLoaderUtils - Could not detect default configuration classes for test class [com.sisllc.mathformulas.impl.PrimeNumbersTest]: PrimeNumbersTest does not declare any static, non-private, non-final, nested classes annotated with @Configuration.
2025-09-23 12:33:09,467 [main] INFO  o.s.t.c.s.AnnotationConfigContextLoaderUtils - Could not detect default configuration classes for test class [com.sisllc.mathformulas.impl.ProductOfPrimesBetweenLToRTest]: ProductOfPrimesBetweenLToRTest does not declare any static, non-private, non-final, nested classes annotated with @Configuration.
2025-09-23 12:33:09,478 [main] INFO  o.s.t.c.s.AnnotationConfigContextLoaderUtils - Could not detect default configuration classes for test class [com.sisllc.mathformulas.impl.SumOfSquaresTest]: SumOfSquaresTest does not declare any static, non-private, non-final, nested classes annotated with @Configuration.
2025-09-23 12:33:09,491 [main] INFO  o.s.t.c.s.AnnotationConfigContextLoaderUtils - Could not detect default configuration classes for test class [com.sisllc.mathformulas.impl.UnionIntersDiffCompleTest]: UnionIntersDiffCompleTest does not declare any static, non-private, non-final, nested classes annotated with @Configuration.
2025-09-23 12:33:09,504 [main] INFO  o.s.t.c.s.AnnotationConfigContextLoaderUtils - Could not detect default configuration classes for test class [com.sisllc.mathformulas.stringmanipulation.CapitalizeFirstLetterTest]: CapitalizeFirstLetterTest does not declare any static, non-private, non-final, nested classes annotated with @Configuration.
2025-09-23 12:33:09,516 [main] INFO  o.s.t.c.s.AnnotationConfigContextLoaderUtils - Could not detect default configuration classes for test class [com.sisllc.mathformulas.stringmanipulation.ExampleTest]: ExampleTest does not declare any static, non-private, non-final, nested classes annotated with @Configuration.
2025-09-23 12:33:09,530 [main] INFO  o.s.t.c.s.AnnotationConfigContextLoaderUtils - Could not detect default configuration classes for test class [com.sisllc.mathformulas.utils.PhoneNumberExtensionTest]: PhoneNumberExtensionTest does not declare any static, non-private, non-final, nested classes annotated with @Configuration.
2025-09-23 12:33:09,541 [main] INFO  o.s.t.c.s.AnnotationConfigContextLoaderUtils - Could not detect default configuration classes for test class [com.sisllc.mathformulas.utils.ValidateNpiWithRegistryTest]: ValidateNpiWithRegistryTest does not declare any static, non-private, non-final, nested classes annotated with @Configuration.
2025-09-23 12:33:09,707 [main] INFO  o.s.t.c.s.AnnotationConfigContextLoaderUtils - Could not detect default configuration classes for test class [com.spring5.ProjectTest]: ProjectTest does not declare any static, non-private, non-final, nested classes annotated with @Configuration.
2025-09-23 12:33:09,757 [main] INFO  o.s.t.c.s.AnnotationConfigContextLoaderUtils - Could not detect default configuration classes for test class [com.interview.capitalonesignalmock.C1CodeSignalTest]: C1CodeSignalTest does not declare any static, non-private, non-final, nested classes annotated with @Configuration.
2025-09-23 12:33:09,766 [main] INFO  o.s.t.c.s.AnnotationConfigContextLoaderUtils - Could not detect default configuration classes for test class [com.interview.capitalonesignalmock.Code1WarmUpSecondLargestTest]: Code1WarmUpSecondLargestTest does not declare any static, non-private, non-final, nested classes annotated with @Configuration.
2025-09-23 12:33:09,774 [main] INFO  o.s.t.c.s.AnnotationConfigContextLoaderUtils - Could not detect default configuration classes for test class [com.interview.capitalonesignalmock.Code2MediumLongestSubstringTest]: Code2MediumLongestSubstringTest does not declare any static, non-private, non-final, nested classes annotated with @Configuration.
2025-09-23 12:33:09,784 [main] INFO  o.s.t.c.s.AnnotationConfigContextLoaderUtils - Could not detect default configuration classes for test class [com.interview.capitalonesignalmock.Code3HardMaxPathSumTest]: Code3HardMaxPathSumTest does not declare any static, non-private, non-final, nested classes annotated with @Configuration.
2025-09-23 12:33:09,792 [main] INFO  o.s.t.c.s.AnnotationConfigContextLoaderUtils - Could not detect default configuration classes for test class [com.interview.capitalonesignalmock.Code4ExpertRateLimiterTest]: Code4ExpertRateLimiterTest does not declare any static, non-private, non-final, nested classes annotated with @Configuration.
2025-09-23 12:33:09,799 [main] INFO  o.s.t.c.s.AnnotationConfigContextLoaderUtils - Could not detect default configuration classes for test class [com.interview.codesignal.CodeSignalTest]: CodeSignalTest does not declare any static, non-private, non-final, nested classes annotated with @Configuration.
2025-09-23 12:33:09,806 [main] INFO  o.s.t.c.s.AnnotationConfigContextLoaderUtils - Could not detect default configuration classes for test class [com.mycompany.davidlee.InventoryTest]: InventoryTest does not declare any static, non-private, non-final, nested classes annotated with @Configuration.
2025-09-23 12:33:09,813 [main] INFO  o.s.t.c.s.AnnotationConfigContextLoaderUtils - Could not detect default configuration classes for test class [com.mycompany.davidlee.ItemTest]: ItemTest does not declare any static, non-private, non-final, nested classes annotated with @Configuration.
2025-09-23 12:33:09,821 [main] INFO  o.s.t.c.s.AnnotationConfigContextLoaderUtils - Could not detect default configuration classes for test class [com.mycompany.davidlee.StoreRegisterTest]: StoreRegisterTest does not declare any static, non-private, non-final, nested classes annotated with @Configuration.
2025-09-23 12:33:09,830 [main] INFO  o.s.t.c.s.AnnotationConfigContextLoaderUtils - Could not detect default configuration classes for test class [com.sisllc.mathformulas.ci.ch04.BinarySearchTreeTest]: BinarySearchTreeTest does not declare any static, non-private, non-final, nested classes annotated with @Configuration.
2025-09-23 12:33:09,837 [main] INFO  o.s.t.c.s.AnnotationConfigContextLoaderUtils - Could not detect default configuration classes for test class [com.sisllc.mathformulas.ci.ch04.GraphSearchTest]: GraphSearchTest does not declare any static, non-private, non-final, nested classes annotated with @Configuration.
2025-09-23 12:33:09,846 [main] INFO  o.s.t.c.s.AnnotationConfigContextLoaderUtils - Could not detect default configuration classes for test class [com.sisllc.mathformulas.impl.FactorNumberIntoPrimeIntArrayTest]: FactorNumberIntoPrimeIntArrayTest does not declare any static, non-private, non-final, nested classes annotated with @Configuration.
2025-09-23 12:33:09,854 [main] INFO  o.s.t.c.s.AnnotationConfigContextLoaderUtils - Could not detect default configuration classes for test class [com.sisllc.mathformulas.impl.FibonacciRecursiveTest]: FibonacciRecursiveTest does not declare any static, non-private, non-final, nested classes annotated with @Configuration.
2025-09-23 12:33:09,861 [main] INFO  o.s.t.c.s.AnnotationConfigContextLoaderUtils - Could not detect default configuration classes for test class [com.sisllc.mathformulas.impl.MortgageCalculatorTest]: MortgageCalculatorTest does not declare any static, non-private, non-final, nested classes annotated with @Configuration.
2025-09-23 12:33:09,870 [main] INFO  o.s.t.c.s.AnnotationConfigContextLoaderUtils - Could not detect default configuration classes for test class [com.sisllc.mathformulas.impl.PrimeNumbersTest]: PrimeNumbersTest does not declare any static, non-private, non-final, nested classes annotated with @Configuration.
2025-09-23 12:33:09,878 [main] INFO  o.s.t.c.s.AnnotationConfigContextLoaderUtils - Could not detect default configuration classes for test class [com.sisllc.mathformulas.impl.ProductOfPrimesBetweenLToRTest]: ProductOfPrimesBetweenLToRTest does not declare any static, non-private, non-final, nested classes annotated with @Configuration.
2025-09-23 12:33:09,886 [main] INFO  o.s.t.c.s.AnnotationConfigContextLoaderUtils - Could not detect default configuration classes for test class [com.sisllc.mathformulas.impl.SumOfSquaresTest]: SumOfSquaresTest does not declare any static, non-private, non-final, nested classes annotated with @Configuration.
2025-09-23 12:33:09,894 [main] INFO  o.s.t.c.s.AnnotationConfigContextLoaderUtils - Could not detect default configuration classes for test class [com.sisllc.mathformulas.impl.UnionIntersDiffCompleTest]: UnionIntersDiffCompleTest does not declare any static, non-private, non-final, nested classes annotated with @Configuration.
2025-09-23 12:33:09,901 [main] INFO  o.s.t.c.s.AnnotationConfigContextLoaderUtils - Could not detect default configuration classes for test class [com.sisllc.mathformulas.stringmanipulation.CapitalizeFirstLetterTest]: CapitalizeFirstLetterTest does not declare any static, non-private, non-final, nested classes annotated with @Configuration.
2025-09-23 12:33:09,909 [main] INFO  o.s.t.c.s.AnnotationConfigContextLoaderUtils - Could not detect default configuration classes for test class [com.sisllc.mathformulas.stringmanipulation.ExampleTest]: ExampleTest does not declare any static, non-private, non-final, nested classes annotated with @Configuration.
2025-09-23 12:33:09,919 [main] INFO  o.s.t.c.s.AnnotationConfigContextLoaderUtils - Could not detect default configuration classes for test class [com.sisllc.mathformulas.utils.PhoneNumberExtensionTest]: PhoneNumberExtensionTest does not declare any static, non-private, non-final, nested classes annotated with @Configuration.
2025-09-23 12:33:09,926 [main] INFO  o.s.t.c.s.AnnotationConfigContextLoaderUtils - Could not detect default configuration classes for test class [com.sisllc.mathformulas.utils.ValidateNpiWithRegistryTest]: ValidateNpiWithRegistryTest does not declare any static, non-private, non-final, nested classes annotated with @Configuration.
2025-09-23 12:33:09,935 [main] INFO  o.s.t.c.s.AnnotationConfigContextLoaderUtils - Could not detect default configuration classes for test class [com.spring5.ProjectTest]: ProjectTest does not declare any static, non-private, non-final, nested classes annotated with @Configuration.
2025-09-23 12:33:11,989 [main] WARN  o.s.b.t.j.DuplicateJsonObjectContextCustomizerFactory$DuplicateJsonObjectContextCustomizer - 

Found multiple occurrences of org.json.JSONObject on the class path:

	jar:file:/C:/Users/javau/.m2/repository/org/json/json/20160810/json-20160810.jar!/org/json/JSONObject.class
	jar:file:/C:/Users/javau/.m2/repository/com/vaadin/external/google/android-json/0.0.20131108.vaadin1/android-json-0.0.20131108.vaadin1.jar!/org/json/JSONObject.class
	jar:file:/C:/Users/javau/.m2/repository/org/json/org.json/chargebee-1.0/org.json-chargebee-1.0.jar!/org/json/JSONObject.class

You may wish to exclude one of them to ensure predictable runtime behavior

2025-09-23 12:33:16,542 [main] WARN  o.s.b.t.j.DuplicateJsonObjectContextCustomizerFactory$DuplicateJsonObjectContextCustomizer - 

Found multiple occurrences of org.json.JSONObject on the class path:

	jar:file:/C:/Users/javau/.m2/repository/org/json/json/20160810/json-20160810.jar!/org/json/JSONObject.class
	jar:file:/C:/Users/javau/.m2/repository/com/vaadin/external/google/android-json/0.0.20131108.vaadin1/android-json-0.0.20131108.vaadin1.jar!/org/json/JSONObject.class
	jar:file:/C:/Users/javau/.m2/repository/org/json/org.json/chargebee-1.0/org.json-chargebee-1.0.jar!/org/json/JSONObject.class

You may wish to exclude one of them to ensure predictable runtime behavior

2025-09-24 17:13:06,179 [main] INFO  o.s.t.c.s.AnnotationConfigContextLoaderUtils - Could not detect default configuration classes for test class [com.interview.capitalonesignalmock.C1CodeSignalTest]: C1CodeSignalTest does not declare any static, non-private, non-final, nested classes annotated with @Configuration.
2025-09-24 17:13:06,595 [main] INFO  o.s.t.c.s.AnnotationConfigContextLoaderUtils - Could not detect default configuration classes for test class [com.interview.capitalonesignalmock.Code1WarmUpSecondLargestTest]: Code1WarmUpSecondLargestTest does not declare any static, non-private, non-final, nested classes annotated with @Configuration.
2025-09-24 17:13:06,619 [main] INFO  o.s.t.c.s.AnnotationConfigContextLoaderUtils - Could not detect default configuration classes for test class [com.interview.capitalonesignalmock.Code2MediumLongestSubstringTest]: Code2MediumLongestSubstringTest does not declare any static, non-private, non-final, nested classes annotated with @Configuration.
2025-09-24 17:13:06,639 [main] INFO  o.s.t.c.s.AnnotationConfigContextLoaderUtils - Could not detect default configuration classes for test class [com.interview.capitalonesignalmock.Code3HardMaxPathSumTest]: Code3HardMaxPathSumTest does not declare any static, non-private, non-final, nested classes annotated with @Configuration.
2025-09-24 17:13:06,658 [main] INFO  o.s.t.c.s.AnnotationConfigContextLoaderUtils - Could not detect default configuration classes for test class [com.interview.capitalonesignalmock.Code4ExpertRateLimiterTest]: Code4ExpertRateLimiterTest does not declare any static, non-private, non-final, nested classes annotated with @Configuration.
2025-09-24 17:13:06,675 [main] INFO  o.s.t.c.s.AnnotationConfigContextLoaderUtils - Could not detect default configuration classes for test class [com.interview.codesignal.CodeSignalTest]: CodeSignalTest does not declare any static, non-private, non-final, nested classes annotated with @Configuration.
2025-09-24 17:13:06,718 [main] INFO  o.s.t.c.s.AnnotationConfigContextLoaderUtils - Could not detect default configuration classes for test class [com.mycompany.davidlee.InventoryTest]: InventoryTest does not declare any static, non-private, non-final, nested classes annotated with @Configuration.
2025-09-24 17:13:06,741 [main] INFO  o.s.t.c.s.AnnotationConfigContextLoaderUtils - Could not detect default configuration classes for test class [com.mycompany.davidlee.ItemTest]: ItemTest does not declare any static, non-private, non-final, nested classes annotated with @Configuration.
2025-09-24 17:13:06,768 [main] INFO  o.s.t.c.s.AnnotationConfigContextLoaderUtils - Could not detect default configuration classes for test class [com.mycompany.davidlee.StoreRegisterTest]: StoreRegisterTest does not declare any static, non-private, non-final, nested classes annotated with @Configuration.
2025-09-24 17:13:06,787 [main] INFO  o.s.t.c.s.AnnotationConfigContextLoaderUtils - Could not detect default configuration classes for test class [com.sisllc.mathformulas.ci.ch04.BinarySearchTreeTest]: BinarySearchTreeTest does not declare any static, non-private, non-final, nested classes annotated with @Configuration.
2025-09-24 17:13:06,804 [main] INFO  o.s.t.c.s.AnnotationConfigContextLoaderUtils - Could not detect default configuration classes for test class [com.sisllc.mathformulas.ci.ch04.GraphSearchTest]: GraphSearchTest does not declare any static, non-private, non-final, nested classes annotated with @Configuration.
2025-09-24 17:13:06,824 [main] INFO  o.s.t.c.s.AnnotationConfigContextLoaderUtils - Could not detect default configuration classes for test class [com.sisllc.mathformulas.impl.FactorNumberIntoPrimeIntArrayTest]: FactorNumberIntoPrimeIntArrayTest does not declare any static, non-private, non-final, nested classes annotated with @Configuration.
2025-09-24 17:13:06,842 [main] INFO  o.s.t.c.s.AnnotationConfigContextLoaderUtils - Could not detect default configuration classes for test class [com.sisllc.mathformulas.impl.FibonacciRecursiveTest]: FibonacciRecursiveTest does not declare any static, non-private, non-final, nested classes annotated with @Configuration.
2025-09-24 17:13:06,858 [main] INFO  o.s.t.c.s.AnnotationConfigContextLoaderUtils - Could not detect default configuration classes for test class [com.sisllc.mathformulas.impl.MortgageCalculatorTest]: MortgageCalculatorTest does not declare any static, non-private, non-final, nested classes annotated with @Configuration.
2025-09-24 17:13:06,873 [main] INFO  o.s.t.c.s.AnnotationConfigContextLoaderUtils - Could not detect default configuration classes for test class [com.sisllc.mathformulas.impl.PrimeNumbersTest]: PrimeNumbersTest does not declare any static, non-private, non-final, nested classes annotated with @Configuration.
2025-09-24 17:13:06,891 [main] INFO  o.s.t.c.s.AnnotationConfigContextLoaderUtils - Could not detect default configuration classes for test class [com.sisllc.mathformulas.impl.ProductOfPrimesBetweenLToRTest]: ProductOfPrimesBetweenLToRTest does not declare any static, non-private, non-final, nested classes annotated with @Configuration.
2025-09-24 17:13:06,906 [main] INFO  o.s.t.c.s.AnnotationConfigContextLoaderUtils - Could not detect default configuration classes for test class [com.sisllc.mathformulas.impl.SumOfSquaresTest]: SumOfSquaresTest does not declare any static, non-private, non-final, nested classes annotated with @Configuration.
2025-09-24 17:13:06,922 [main] INFO  o.s.t.c.s.AnnotationConfigContextLoaderUtils - Could not detect default configuration classes for test class [com.sisllc.mathformulas.impl.UnionIntersDiffCompleTest]: UnionIntersDiffCompleTest does not declare any static, non-private, non-final, nested classes annotated with @Configuration.
2025-09-24 17:13:06,938 [main] INFO  o.s.t.c.s.AnnotationConfigContextLoaderUtils - Could not detect default configuration classes for test class [com.sisllc.mathformulas.stringmanipulation.CapitalizeFirstLetterTest]: CapitalizeFirstLetterTest does not declare any static, non-private, non-final, nested classes annotated with @Configuration.
2025-09-24 17:13:06,953 [main] INFO  o.s.t.c.s.AnnotationConfigContextLoaderUtils - Could not detect default configuration classes for test class [com.sisllc.mathformulas.stringmanipulation.ExampleTest]: ExampleTest does not declare any static, non-private, non-final, nested classes annotated with @Configuration.
2025-09-24 17:13:06,973 [main] INFO  o.s.t.c.s.AnnotationConfigContextLoaderUtils - Could not detect default configuration classes for test class [com.sisllc.mathformulas.utils.PhoneNumberExtensionTest]: PhoneNumberExtensionTest does not declare any static, non-private, non-final, nested classes annotated with @Configuration.
2025-09-24 17:13:06,989 [main] INFO  o.s.t.c.s.AnnotationConfigContextLoaderUtils - Could not detect default configuration classes for test class [com.sisllc.mathformulas.utils.ValidateNpiWithRegistryTest]: ValidateNpiWithRegistryTest does not declare any static, non-private, non-final, nested classes annotated with @Configuration.
2025-09-24 17:13:07,186 [main] INFO  o.s.t.c.s.AnnotationConfigContextLoaderUtils - Could not detect default configuration classes for test class [com.spring5.ProjectTest]: ProjectTest does not declare any static, non-private, non-final, nested classes annotated with @Configuration.
2025-09-24 17:13:07,244 [main] INFO  o.s.t.c.s.AnnotationConfigContextLoaderUtils - Could not detect default configuration classes for test class [com.interview.capitalonesignalmock.C1CodeSignalTest]: C1CodeSignalTest does not declare any static, non-private, non-final, nested classes annotated with @Configuration.
2025-09-24 17:13:07,256 [main] INFO  o.s.t.c.s.AnnotationConfigContextLoaderUtils - Could not detect default configuration classes for test class [com.interview.capitalonesignalmock.Code1WarmUpSecondLargestTest]: Code1WarmUpSecondLargestTest does not declare any static, non-private, non-final, nested classes annotated with @Configuration.
2025-09-24 17:13:07,265 [main] INFO  o.s.t.c.s.AnnotationConfigContextLoaderUtils - Could not detect default configuration classes for test class [com.interview.capitalonesignalmock.Code2MediumLongestSubstringTest]: Code2MediumLongestSubstringTest does not declare any static, non-private, non-final, nested classes annotated with @Configuration.
2025-09-24 17:13:07,274 [main] INFO  o.s.t.c.s.AnnotationConfigContextLoaderUtils - Could not detect default configuration classes for test class [com.interview.capitalonesignalmock.Code3HardMaxPathSumTest]: Code3HardMaxPathSumTest does not declare any static, non-private, non-final, nested classes annotated with @Configuration.
2025-09-24 17:13:07,284 [main] INFO  o.s.t.c.s.AnnotationConfigContextLoaderUtils - Could not detect default configuration classes for test class [com.interview.capitalonesignalmock.Code4ExpertRateLimiterTest]: Code4ExpertRateLimiterTest does not declare any static, non-private, non-final, nested classes annotated with @Configuration.
2025-09-24 17:13:07,292 [main] INFO  o.s.t.c.s.AnnotationConfigContextLoaderUtils - Could not detect default configuration classes for test class [com.interview.codesignal.CodeSignalTest]: CodeSignalTest does not declare any static, non-private, non-final, nested classes annotated with @Configuration.
2025-09-24 17:13:07,302 [main] INFO  o.s.t.c.s.AnnotationConfigContextLoaderUtils - Could not detect default configuration classes for test class [com.mycompany.davidlee.InventoryTest]: InventoryTest does not declare any static, non-private, non-final, nested classes annotated with @Configuration.
2025-09-24 17:13:07,311 [main] INFO  o.s.t.c.s.AnnotationConfigContextLoaderUtils - Could not detect default configuration classes for test class [com.mycompany.davidlee.ItemTest]: ItemTest does not declare any static, non-private, non-final, nested classes annotated with @Configuration.
2025-09-24 17:13:07,322 [main] INFO  o.s.t.c.s.AnnotationConfigContextLoaderUtils - Could not detect default configuration classes for test class [com.mycompany.davidlee.StoreRegisterTest]: StoreRegisterTest does not declare any static, non-private, non-final, nested classes annotated with @Configuration.
2025-09-24 17:13:07,333 [main] INFO  o.s.t.c.s.AnnotationConfigContextLoaderUtils - Could not detect default configuration classes for test class [com.sisllc.mathformulas.ci.ch04.BinarySearchTreeTest]: BinarySearchTreeTest does not declare any static, non-private, non-final, nested classes annotated with @Configuration.
2025-09-24 17:13:07,344 [main] INFO  o.s.t.c.s.AnnotationConfigContextLoaderUtils - Could not detect default configuration classes for test class [com.sisllc.mathformulas.ci.ch04.GraphSearchTest]: GraphSearchTest does not declare any static, non-private, non-final, nested classes annotated with @Configuration.
2025-09-24 17:13:07,358 [main] INFO  o.s.t.c.s.AnnotationConfigContextLoaderUtils - Could not detect default configuration classes for test class [com.sisllc.mathformulas.impl.FactorNumberIntoPrimeIntArrayTest]: FactorNumberIntoPrimeIntArrayTest does not declare any static, non-private, non-final, nested classes annotated with @Configuration.
2025-09-24 17:13:07,371 [main] INFO  o.s.t.c.s.AnnotationConfigContextLoaderUtils - Could not detect default configuration classes for test class [com.sisllc.mathformulas.impl.FibonacciRecursiveTest]: FibonacciRecursiveTest does not declare any static, non-private, non-final, nested classes annotated with @Configuration.
2025-09-24 17:13:07,386 [main] INFO  o.s.t.c.s.AnnotationConfigContextLoaderUtils - Could not detect default configuration classes for test class [com.sisllc.mathformulas.impl.MortgageCalculatorTest]: MortgageCalculatorTest does not declare any static, non-private, non-final, nested classes annotated with @Configuration.
2025-09-24 17:13:07,401 [main] INFO  o.s.t.c.s.AnnotationConfigContextLoaderUtils - Could not detect default configuration classes for test class [com.sisllc.mathformulas.impl.PrimeNumbersTest]: PrimeNumbersTest does not declare any static, non-private, non-final, nested classes annotated with @Configuration.
2025-09-24 17:13:07,413 [main] INFO  o.s.t.c.s.AnnotationConfigContextLoaderUtils - Could not detect default configuration classes for test class [com.sisllc.mathformulas.impl.ProductOfPrimesBetweenLToRTest]: ProductOfPrimesBetweenLToRTest does not declare any static, non-private, non-final, nested classes annotated with @Configuration.
2025-09-24 17:13:07,424 [main] INFO  o.s.t.c.s.AnnotationConfigContextLoaderUtils - Could not detect default configuration classes for test class [com.sisllc.mathformulas.impl.SumOfSquaresTest]: SumOfSquaresTest does not declare any static, non-private, non-final, nested classes annotated with @Configuration.
2025-09-24 17:13:07,435 [main] INFO  o.s.t.c.s.AnnotationConfigContextLoaderUtils - Could not detect default configuration classes for test class [com.sisllc.mathformulas.impl.UnionIntersDiffCompleTest]: UnionIntersDiffCompleTest does not declare any static, non-private, non-final, nested classes annotated with @Configuration.
2025-09-24 17:13:07,446 [main] INFO  o.s.t.c.s.AnnotationConfigContextLoaderUtils - Could not detect default configuration classes for test class [com.sisllc.mathformulas.stringmanipulation.CapitalizeFirstLetterTest]: CapitalizeFirstLetterTest does not declare any static, non-private, non-final, nested classes annotated with @Configuration.
2025-09-24 17:13:07,456 [main] INFO  o.s.t.c.s.AnnotationConfigContextLoaderUtils - Could not detect default configuration classes for test class [com.sisllc.mathformulas.stringmanipulation.ExampleTest]: ExampleTest does not declare any static, non-private, non-final, nested classes annotated with @Configuration.
2025-09-24 17:13:07,467 [main] INFO  o.s.t.c.s.AnnotationConfigContextLoaderUtils - Could not detect default configuration classes for test class [com.sisllc.mathformulas.utils.PhoneNumberExtensionTest]: PhoneNumberExtensionTest does not declare any static, non-private, non-final, nested classes annotated with @Configuration.
2025-09-24 17:13:07,483 [main] INFO  o.s.t.c.s.AnnotationConfigContextLoaderUtils - Could not detect default configuration classes for test class [com.sisllc.mathformulas.utils.ValidateNpiWithRegistryTest]: ValidateNpiWithRegistryTest does not declare any static, non-private, non-final, nested classes annotated with @Configuration.
2025-09-24 17:13:07,497 [main] INFO  o.s.t.c.s.AnnotationConfigContextLoaderUtils - Could not detect default configuration classes for test class [com.spring5.ProjectTest]: ProjectTest does not declare any static, non-private, non-final, nested classes annotated with @Configuration.
2025-09-24 17:13:09,957 [main] WARN  o.s.b.t.j.DuplicateJsonObjectContextCustomizerFactory$DuplicateJsonObjectContextCustomizer - 

Found multiple occurrences of org.json.JSONObject on the class path:

	jar:file:/C:/Users/javau/.m2/repository/org/json/json/20160810/json-20160810.jar!/org/json/JSONObject.class
	jar:file:/C:/Users/javau/.m2/repository/com/vaadin/external/google/android-json/0.0.20131108.vaadin1/android-json-0.0.20131108.vaadin1.jar!/org/json/JSONObject.class
	jar:file:/C:/Users/javau/.m2/repository/org/json/org.json/chargebee-1.0/org.json-chargebee-1.0.jar!/org/json/JSONObject.class

You may wish to exclude one of them to ensure predictable runtime behavior

2025-09-24 17:13:14,559 [main] WARN  o.s.b.t.j.DuplicateJsonObjectContextCustomizerFactory$DuplicateJsonObjectContextCustomizer - 

Found multiple occurrences of org.json.JSONObject on the class path:

	jar:file:/C:/Users/javau/.m2/repository/org/json/json/20160810/json-20160810.jar!/org/json/JSONObject.class
	jar:file:/C:/Users/javau/.m2/repository/com/vaadin/external/google/android-json/0.0.20131108.vaadin1/android-json-0.0.20131108.vaadin1.jar!/org/json/JSONObject.class
	jar:file:/C:/Users/javau/.m2/repository/org/json/org.json/chargebee-1.0/org.json-chargebee-1.0.jar!/org/json/JSONObject.class

You may wish to exclude one of them to ensure predictable runtime behavior

2025-09-24 17:14:56,935 [main] INFO  o.s.t.c.s.AnnotationConfigContextLoaderUtils - Could not detect default configuration classes for test class [com.interview.capitalonesignalmock.C1CodeSignalTest]: C1CodeSignalTest does not declare any static, non-private, non-final, nested classes annotated with @Configuration.
2025-09-24 17:14:57,201 [main] INFO  o.s.t.c.s.AnnotationConfigContextLoaderUtils - Could not detect default configuration classes for test class [com.interview.capitalonesignalmock.Code1WarmUpSecondLargestTest]: Code1WarmUpSecondLargestTest does not declare any static, non-private, non-final, nested classes annotated with @Configuration.
2025-09-24 17:14:57,222 [main] INFO  o.s.t.c.s.AnnotationConfigContextLoaderUtils - Could not detect default configuration classes for test class [com.interview.capitalonesignalmock.Code2MediumLongestSubstringTest]: Code2MediumLongestSubstringTest does not declare any static, non-private, non-final, nested classes annotated with @Configuration.
2025-09-24 17:14:57,239 [main] INFO  o.s.t.c.s.AnnotationConfigContextLoaderUtils - Could not detect default configuration classes for test class [com.interview.capitalonesignalmock.Code3HardMaxPathSumTest]: Code3HardMaxPathSumTest does not declare any static, non-private, non-final, nested classes annotated with @Configuration.
2025-09-24 17:14:57,255 [main] INFO  o.s.t.c.s.AnnotationConfigContextLoaderUtils - Could not detect default configuration classes for test class [com.interview.capitalonesignalmock.Code4ExpertRateLimiterTest]: Code4ExpertRateLimiterTest does not declare any static, non-private, non-final, nested classes annotated with @Configuration.
2025-09-24 17:14:57,271 [main] INFO  o.s.t.c.s.AnnotationConfigContextLoaderUtils - Could not detect default configuration classes for test class [com.interview.codesignal.CodeSignalTest]: CodeSignalTest does not declare any static, non-private, non-final, nested classes annotated with @Configuration.
2025-09-24 17:14:57,311 [main] INFO  o.s.t.c.s.AnnotationConfigContextLoaderUtils - Could not detect default configuration classes for test class [com.mycompany.davidlee.InventoryTest]: InventoryTest does not declare any static, non-private, non-final, nested classes annotated with @Configuration.
2025-09-24 17:14:57,331 [main] INFO  o.s.t.c.s.AnnotationConfigContextLoaderUtils - Could not detect default configuration classes for test class [com.mycompany.davidlee.ItemTest]: ItemTest does not declare any static, non-private, non-final, nested classes annotated with @Configuration.
2025-09-24 17:14:57,351 [main] INFO  o.s.t.c.s.AnnotationConfigContextLoaderUtils - Could not detect default configuration classes for test class [com.mycompany.davidlee.StoreRegisterTest]: StoreRegisterTest does not declare any static, non-private, non-final, nested classes annotated with @Configuration.
2025-09-24 17:14:57,367 [main] INFO  o.s.t.c.s.AnnotationConfigContextLoaderUtils - Could not detect default configuration classes for test class [com.sisllc.mathformulas.ci.ch04.BinarySearchTreeTest]: BinarySearchTreeTest does not declare any static, non-private, non-final, nested classes annotated with @Configuration.
2025-09-24 17:14:57,379 [main] INFO  o.s.t.c.s.AnnotationConfigContextLoaderUtils - Could not detect default configuration classes for test class [com.sisllc.mathformulas.ci.ch04.GraphSearchTest]: GraphSearchTest does not declare any static, non-private, non-final, nested classes annotated with @Configuration.
2025-09-24 17:14:57,393 [main] INFO  o.s.t.c.s.AnnotationConfigContextLoaderUtils - Could not detect default configuration classes for test class [com.sisllc.mathformulas.impl.FactorNumberIntoPrimeIntArrayTest]: FactorNumberIntoPrimeIntArrayTest does not declare any static, non-private, non-final, nested classes annotated with @Configuration.
2025-09-24 17:14:57,407 [main] INFO  o.s.t.c.s.AnnotationConfigContextLoaderUtils - Could not detect default configuration classes for test class [com.sisllc.mathformulas.impl.FibonacciRecursiveTest]: FibonacciRecursiveTest does not declare any static, non-private, non-final, nested classes annotated with @Configuration.
2025-09-24 17:14:57,420 [main] INFO  o.s.t.c.s.AnnotationConfigContextLoaderUtils - Could not detect default configuration classes for test class [com.sisllc.mathformulas.impl.MortgageCalculatorTest]: MortgageCalculatorTest does not declare any static, non-private, non-final, nested classes annotated with @Configuration.
2025-09-24 17:14:57,432 [main] INFO  o.s.t.c.s.AnnotationConfigContextLoaderUtils - Could not detect default configuration classes for test class [com.sisllc.mathformulas.impl.PrimeNumbersTest]: PrimeNumbersTest does not declare any static, non-private, non-final, nested classes annotated with @Configuration.
2025-09-24 17:14:57,444 [main] INFO  o.s.t.c.s.AnnotationConfigContextLoaderUtils - Could not detect default configuration classes for test class [com.sisllc.mathformulas.impl.ProductOfPrimesBetweenLToRTest]: ProductOfPrimesBetweenLToRTest does not declare any static, non-private, non-final, nested classes annotated with @Configuration.
2025-09-24 17:14:57,456 [main] INFO  o.s.t.c.s.AnnotationConfigContextLoaderUtils - Could not detect default configuration classes for test class [com.sisllc.mathformulas.impl.SumOfSquaresTest]: SumOfSquaresTest does not declare any static, non-private, non-final, nested classes annotated with @Configuration.
2025-09-24 17:14:57,467 [main] INFO  o.s.t.c.s.AnnotationConfigContextLoaderUtils - Could not detect default configuration classes for test class [com.sisllc.mathformulas.impl.UnionIntersDiffCompleTest]: UnionIntersDiffCompleTest does not declare any static, non-private, non-final, nested classes annotated with @Configuration.
2025-09-24 17:14:57,478 [main] INFO  o.s.t.c.s.AnnotationConfigContextLoaderUtils - Could not detect default configuration classes for test class [com.sisllc.mathformulas.stringmanipulation.CapitalizeFirstLetterTest]: CapitalizeFirstLetterTest does not declare any static, non-private, non-final, nested classes annotated with @Configuration.
2025-09-24 17:14:57,488 [main] INFO  o.s.t.c.s.AnnotationConfigContextLoaderUtils - Could not detect default configuration classes for test class [com.sisllc.mathformulas.stringmanipulation.ExampleTest]: ExampleTest does not declare any static, non-private, non-final, nested classes annotated with @Configuration.
2025-09-24 17:14:57,502 [main] INFO  o.s.t.c.s.AnnotationConfigContextLoaderUtils - Could not detect default configuration classes for test class [com.sisllc.mathformulas.utils.PhoneNumberExtensionTest]: PhoneNumberExtensionTest does not declare any static, non-private, non-final, nested classes annotated with @Configuration.
2025-09-24 17:14:57,515 [main] INFO  o.s.t.c.s.AnnotationConfigContextLoaderUtils - Could not detect default configuration classes for test class [com.sisllc.mathformulas.utils.ValidateNpiWithRegistryTest]: ValidateNpiWithRegistryTest does not declare any static, non-private, non-final, nested classes annotated with @Configuration.
2025-09-24 17:14:57,702 [main] INFO  o.s.t.c.s.AnnotationConfigContextLoaderUtils - Could not detect default configuration classes for test class [com.spring5.ProjectTest]: ProjectTest does not declare any static, non-private, non-final, nested classes annotated with @Configuration.
2025-09-24 17:14:57,756 [main] INFO  o.s.t.c.s.AnnotationConfigContextLoaderUtils - Could not detect default configuration classes for test class [com.interview.capitalonesignalmock.C1CodeSignalTest]: C1CodeSignalTest does not declare any static, non-private, non-final, nested classes annotated with @Configuration.
2025-09-24 17:14:57,765 [main] INFO  o.s.t.c.s.AnnotationConfigContextLoaderUtils - Could not detect default configuration classes for test class [com.interview.capitalonesignalmock.Code1WarmUpSecondLargestTest]: Code1WarmUpSecondLargestTest does not declare any static, non-private, non-final, nested classes annotated with @Configuration.
2025-09-24 17:14:57,773 [main] INFO  o.s.t.c.s.AnnotationConfigContextLoaderUtils - Could not detect default configuration classes for test class [com.interview.capitalonesignalmock.Code2MediumLongestSubstringTest]: Code2MediumLongestSubstringTest does not declare any static, non-private, non-final, nested classes annotated with @Configuration.
2025-09-24 17:14:57,781 [main] INFO  o.s.t.c.s.AnnotationConfigContextLoaderUtils - Could not detect default configuration classes for test class [com.interview.capitalonesignalmock.Code3HardMaxPathSumTest]: Code3HardMaxPathSumTest does not declare any static, non-private, non-final, nested classes annotated with @Configuration.
2025-09-24 17:14:57,789 [main] INFO  o.s.t.c.s.AnnotationConfigContextLoaderUtils - Could not detect default configuration classes for test class [com.interview.capitalonesignalmock.Code4ExpertRateLimiterTest]: Code4ExpertRateLimiterTest does not declare any static, non-private, non-final, nested classes annotated with @Configuration.
2025-09-24 17:14:57,796 [main] INFO  o.s.t.c.s.AnnotationConfigContextLoaderUtils - Could not detect default configuration classes for test class [com.interview.codesignal.CodeSignalTest]: CodeSignalTest does not declare any static, non-private, non-final, nested classes annotated with @Configuration.
2025-09-24 17:14:57,804 [main] INFO  o.s.t.c.s.AnnotationConfigContextLoaderUtils - Could not detect default configuration classes for test class [com.mycompany.davidlee.InventoryTest]: InventoryTest does not declare any static, non-private, non-final, nested classes annotated with @Configuration.
2025-09-24 17:14:57,812 [main] INFO  o.s.t.c.s.AnnotationConfigContextLoaderUtils - Could not detect default configuration classes for test class [com.mycompany.davidlee.ItemTest]: ItemTest does not declare any static, non-private, non-final, nested classes annotated with @Configuration.
2025-09-24 17:14:57,821 [main] INFO  o.s.t.c.s.AnnotationConfigContextLoaderUtils - Could not detect default configuration classes for test class [com.mycompany.davidlee.StoreRegisterTest]: StoreRegisterTest does not declare any static, non-private, non-final, nested classes annotated with @Configuration.
2025-09-24 17:14:57,830 [main] INFO  o.s.t.c.s.AnnotationConfigContextLoaderUtils - Could not detect default configuration classes for test class [com.sisllc.mathformulas.ci.ch04.BinarySearchTreeTest]: BinarySearchTreeTest does not declare any static, non-private, non-final, nested classes annotated with @Configuration.
2025-09-24 17:14:57,838 [main] INFO  o.s.t.c.s.AnnotationConfigContextLoaderUtils - Could not detect default configuration classes for test class [com.sisllc.mathformulas.ci.ch04.GraphSearchTest]: GraphSearchTest does not declare any static, non-private, non-final, nested classes annotated with @Configuration.
2025-09-24 17:14:57,847 [main] INFO  o.s.t.c.s.AnnotationConfigContextLoaderUtils - Could not detect default configuration classes for test class [com.sisllc.mathformulas.impl.FactorNumberIntoPrimeIntArrayTest]: FactorNumberIntoPrimeIntArrayTest does not declare any static, non-private, non-final, nested classes annotated with @Configuration.
2025-09-24 17:14:57,856 [main] INFO  o.s.t.c.s.AnnotationConfigContextLoaderUtils - Could not detect default configuration classes for test class [com.sisllc.mathformulas.impl.FibonacciRecursiveTest]: FibonacciRecursiveTest does not declare any static, non-private, non-final, nested classes annotated with @Configuration.
2025-09-24 17:14:57,864 [main] INFO  o.s.t.c.s.AnnotationConfigContextLoaderUtils - Could not detect default configuration classes for test class [com.sisllc.mathformulas.impl.MortgageCalculatorTest]: MortgageCalculatorTest does not declare any static, non-private, non-final, nested classes annotated with @Configuration.
2025-09-24 17:14:57,876 [main] INFO  o.s.t.c.s.AnnotationConfigContextLoaderUtils - Could not detect default configuration classes for test class [com.sisllc.mathformulas.impl.PrimeNumbersTest]: PrimeNumbersTest does not declare any static, non-private, non-final, nested classes annotated with @Configuration.
2025-09-24 17:14:57,885 [main] INFO  o.s.t.c.s.AnnotationConfigContextLoaderUtils - Could not detect default configuration classes for test class [com.sisllc.mathformulas.impl.ProductOfPrimesBetweenLToRTest]: ProductOfPrimesBetweenLToRTest does not declare any static, non-private, non-final, nested classes annotated with @Configuration.
2025-09-24 17:14:57,894 [main] INFO  o.s.t.c.s.AnnotationConfigContextLoaderUtils - Could not detect default configuration classes for test class [com.sisllc.mathformulas.impl.SumOfSquaresTest]: SumOfSquaresTest does not declare any static, non-private, non-final, nested classes annotated with @Configuration.
2025-09-24 17:14:57,902 [main] INFO  o.s.t.c.s.AnnotationConfigContextLoaderUtils - Could not detect default configuration classes for test class [com.sisllc.mathformulas.impl.UnionIntersDiffCompleTest]: UnionIntersDiffCompleTest does not declare any static, non-private, non-final, nested classes annotated with @Configuration.
2025-09-24 17:14:57,911 [main] INFO  o.s.t.c.s.AnnotationConfigContextLoaderUtils - Could not detect default configuration classes for test class [com.sisllc.mathformulas.stringmanipulation.CapitalizeFirstLetterTest]: CapitalizeFirstLetterTest does not declare any static, non-private, non-final, nested classes annotated with @Configuration.
2025-09-24 17:14:57,919 [main] INFO  o.s.t.c.s.AnnotationConfigContextLoaderUtils - Could not detect default configuration classes for test class [com.sisllc.mathformulas.stringmanipulation.ExampleTest]: ExampleTest does not declare any static, non-private, non-final, nested classes annotated with @Configuration.
2025-09-24 17:14:57,929 [main] INFO  o.s.t.c.s.AnnotationConfigContextLoaderUtils - Could not detect default configuration classes for test class [com.sisllc.mathformulas.utils.PhoneNumberExtensionTest]: PhoneNumberExtensionTest does not declare any static, non-private, non-final, nested classes annotated with @Configuration.
2025-09-24 17:14:57,937 [main] INFO  o.s.t.c.s.AnnotationConfigContextLoaderUtils - Could not detect default configuration classes for test class [com.sisllc.mathformulas.utils.ValidateNpiWithRegistryTest]: ValidateNpiWithRegistryTest does not declare any static, non-private, non-final, nested classes annotated with @Configuration.
2025-09-24 17:14:57,947 [main] INFO  o.s.t.c.s.AnnotationConfigContextLoaderUtils - Could not detect default configuration classes for test class [com.spring5.ProjectTest]: ProjectTest does not declare any static, non-private, non-final, nested classes annotated with @Configuration.
2025-09-24 17:15:00,082 [main] WARN  o.s.b.t.j.DuplicateJsonObjectContextCustomizerFactory$DuplicateJsonObjectContextCustomizer - 

Found multiple occurrences of org.json.JSONObject on the class path:

	jar:file:/C:/Users/javau/.m2/repository/org/json/json/20160810/json-20160810.jar!/org/json/JSONObject.class
	jar:file:/C:/Users/javau/.m2/repository/com/vaadin/external/google/android-json/0.0.20131108.vaadin1/android-json-0.0.20131108.vaadin1.jar!/org/json/JSONObject.class
	jar:file:/C:/Users/javau/.m2/repository/org/json/org.json/chargebee-1.0/org.json-chargebee-1.0.jar!/org/json/JSONObject.class

You may wish to exclude one of them to ensure predictable runtime behavior

2025-09-24 17:15:04,638 [main] WARN  o.s.b.t.j.DuplicateJsonObjectContextCustomizerFactory$DuplicateJsonObjectContextCustomizer - 

Found multiple occurrences of org.json.JSONObject on the class path:

	jar:file:/C:/Users/javau/.m2/repository/org/json/json/20160810/json-20160810.jar!/org/json/JSONObject.class
	jar:file:/C:/Users/javau/.m2/repository/com/vaadin/external/google/android-json/0.0.20131108.vaadin1/android-json-0.0.20131108.vaadin1.jar!/org/json/JSONObject.class
	jar:file:/C:/Users/javau/.m2/repository/org/json/org.json/chargebee-1.0/org.json-chargebee-1.0.jar!/org/json/JSONObject.class

You may wish to exclude one of them to ensure predictable runtime behavior

2025-09-24 17:43:43,690 [main] INFO  o.s.t.c.s.AnnotationConfigContextLoaderUtils - Could not detect default configuration classes for test class [com.interview.capitalonesignalmock.C1CodeSignalTest]: C1CodeSignalTest does not declare any static, non-private, non-final, nested classes annotated with @Configuration.
2025-09-24 17:43:43,927 [main] INFO  o.s.t.c.s.AnnotationConfigContextLoaderUtils - Could not detect default configuration classes for test class [com.interview.capitalonesignalmock.Code1WarmUpSecondLargestTest]: Code1WarmUpSecondLargestTest does not declare any static, non-private, non-final, nested classes annotated with @Configuration.
2025-09-24 17:43:43,947 [main] INFO  o.s.t.c.s.AnnotationConfigContextLoaderUtils - Could not detect default configuration classes for test class [com.interview.capitalonesignalmock.Code2MediumLongestSubstringTest]: Code2MediumLongestSubstringTest does not declare any static, non-private, non-final, nested classes annotated with @Configuration.
2025-09-24 17:43:43,963 [main] INFO  o.s.t.c.s.AnnotationConfigContextLoaderUtils - Could not detect default configuration classes for test class [com.interview.capitalonesignalmock.Code3HardMaxPathSumTest]: Code3HardMaxPathSumTest does not declare any static, non-private, non-final, nested classes annotated with @Configuration.
2025-09-24 17:43:43,979 [main] INFO  o.s.t.c.s.AnnotationConfigContextLoaderUtils - Could not detect default configuration classes for test class [com.interview.capitalonesignalmock.Code4ExpertRateLimiterTest]: Code4ExpertRateLimiterTest does not declare any static, non-private, non-final, nested classes annotated with @Configuration.
2025-09-24 17:43:43,991 [main] INFO  o.s.t.c.s.AnnotationConfigContextLoaderUtils - Could not detect default configuration classes for test class [com.interview.codesignal.CodeSignalTest]: CodeSignalTest does not declare any static, non-private, non-final, nested classes annotated with @Configuration.
2025-09-24 17:43:44,025 [main] INFO  o.s.t.c.s.AnnotationConfigContextLoaderUtils - Could not detect default configuration classes for test class [com.mycompany.davidlee.InventoryTest]: InventoryTest does not declare any static, non-private, non-final, nested classes annotated with @Configuration.
2025-09-24 17:43:44,041 [main] INFO  o.s.t.c.s.AnnotationConfigContextLoaderUtils - Could not detect default configuration classes for test class [com.mycompany.davidlee.ItemTest]: ItemTest does not declare any static, non-private, non-final, nested classes annotated with @Configuration.
2025-09-24 17:43:44,060 [main] INFO  o.s.t.c.s.AnnotationConfigContextLoaderUtils - Could not detect default configuration classes for test class [com.mycompany.davidlee.StoreRegisterTest]: StoreRegisterTest does not declare any static, non-private, non-final, nested classes annotated with @Configuration.
2025-09-24 17:43:44,077 [main] INFO  o.s.t.c.s.AnnotationConfigContextLoaderUtils - Could not detect default configuration classes for test class [com.sisllc.mathformulas.ci.ch04.BinarySearchTreeTest]: BinarySearchTreeTest does not declare any static, non-private, non-final, nested classes annotated with @Configuration.
2025-09-24 17:43:44,089 [main] INFO  o.s.t.c.s.AnnotationConfigContextLoaderUtils - Could not detect default configuration classes for test class [com.sisllc.mathformulas.ci.ch04.GraphSearchTest]: GraphSearchTest does not declare any static, non-private, non-final, nested classes annotated with @Configuration.
2025-09-24 17:43:44,103 [main] INFO  o.s.t.c.s.AnnotationConfigContextLoaderUtils - Could not detect default configuration classes for test class [com.sisllc.mathformulas.impl.FactorNumberIntoPrimeIntArrayTest]: FactorNumberIntoPrimeIntArrayTest does not declare any static, non-private, non-final, nested classes annotated with @Configuration.
2025-09-24 17:43:44,116 [main] INFO  o.s.t.c.s.AnnotationConfigContextLoaderUtils - Could not detect default configuration classes for test class [com.sisllc.mathformulas.impl.FibonacciRecursiveTest]: FibonacciRecursiveTest does not declare any static, non-private, non-final, nested classes annotated with @Configuration.
2025-09-24 17:43:44,130 [main] INFO  o.s.t.c.s.AnnotationConfigContextLoaderUtils - Could not detect default configuration classes for test class [com.sisllc.mathformulas.impl.MortgageCalculatorTest]: MortgageCalculatorTest does not declare any static, non-private, non-final, nested classes annotated with @Configuration.
2025-09-24 17:43:44,142 [main] INFO  o.s.t.c.s.AnnotationConfigContextLoaderUtils - Could not detect default configuration classes for test class [com.sisllc.mathformulas.impl.PrimeNumbersTest]: PrimeNumbersTest does not declare any static, non-private, non-final, nested classes annotated with @Configuration.
2025-09-24 17:43:44,155 [main] INFO  o.s.t.c.s.AnnotationConfigContextLoaderUtils - Could not detect default configuration classes for test class [com.sisllc.mathformulas.impl.ProductOfPrimesBetweenLToRTest]: ProductOfPrimesBetweenLToRTest does not declare any static, non-private, non-final, nested classes annotated with @Configuration.
2025-09-24 17:43:44,167 [main] INFO  o.s.t.c.s.AnnotationConfigContextLoaderUtils - Could not detect default configuration classes for test class [com.sisllc.mathformulas.impl.SumOfSquaresTest]: SumOfSquaresTest does not declare any static, non-private, non-final, nested classes annotated with @Configuration.
2025-09-24 17:43:44,180 [main] INFO  o.s.t.c.s.AnnotationConfigContextLoaderUtils - Could not detect default configuration classes for test class [com.sisllc.mathformulas.impl.UnionIntersDiffCompleTest]: UnionIntersDiffCompleTest does not declare any static, non-private, non-final, nested classes annotated with @Configuration.
2025-09-24 17:43:44,191 [main] INFO  o.s.t.c.s.AnnotationConfigContextLoaderUtils - Could not detect default configuration classes for test class [com.sisllc.mathformulas.stringmanipulation.CapitalizeFirstLetterTest]: CapitalizeFirstLetterTest does not declare any static, non-private, non-final, nested classes annotated with @Configuration.
2025-09-24 17:43:44,202 [main] INFO  o.s.t.c.s.AnnotationConfigContextLoaderUtils - Could not detect default configuration classes for test class [com.sisllc.mathformulas.stringmanipulation.ExampleTest]: ExampleTest does not declare any static, non-private, non-final, nested classes annotated with @Configuration.
2025-09-24 17:43:44,216 [main] INFO  o.s.t.c.s.AnnotationConfigContextLoaderUtils - Could not detect default configuration classes for test class [com.sisllc.mathformulas.utils.PhoneNumberExtensionTest]: PhoneNumberExtensionTest does not declare any static, non-private, non-final, nested classes annotated with @Configuration.
2025-09-24 17:43:44,228 [main] INFO  o.s.t.c.s.AnnotationConfigContextLoaderUtils - Could not detect default configuration classes for test class [com.sisllc.mathformulas.utils.ValidateNpiWithRegistryTest]: ValidateNpiWithRegistryTest does not declare any static, non-private, non-final, nested classes annotated with @Configuration.
2025-09-24 17:43:44,399 [main] INFO  o.s.t.c.s.AnnotationConfigContextLoaderUtils - Could not detect default configuration classes for test class [com.spring5.ProjectTest]: ProjectTest does not declare any static, non-private, non-final, nested classes annotated with @Configuration.
2025-09-24 17:43:44,451 [main] INFO  o.s.t.c.s.AnnotationConfigContextLoaderUtils - Could not detect default configuration classes for test class [com.interview.capitalonesignalmock.C1CodeSignalTest]: C1CodeSignalTest does not declare any static, non-private, non-final, nested classes annotated with @Configuration.
2025-09-24 17:43:44,460 [main] INFO  o.s.t.c.s.AnnotationConfigContextLoaderUtils - Could not detect default configuration classes for test class [com.interview.capitalonesignalmock.Code1WarmUpSecondLargestTest]: Code1WarmUpSecondLargestTest does not declare any static, non-private, non-final, nested classes annotated with @Configuration.
2025-09-24 17:43:44,468 [main] INFO  o.s.t.c.s.AnnotationConfigContextLoaderUtils - Could not detect default configuration classes for test class [com.interview.capitalonesignalmock.Code2MediumLongestSubstringTest]: Code2MediumLongestSubstringTest does not declare any static, non-private, non-final, nested classes annotated with @Configuration.
2025-09-24 17:43:44,477 [main] INFO  o.s.t.c.s.AnnotationConfigContextLoaderUtils - Could not detect default configuration classes for test class [com.interview.capitalonesignalmock.Code3HardMaxPathSumTest]: Code3HardMaxPathSumTest does not declare any static, non-private, non-final, nested classes annotated with @Configuration.
2025-09-24 17:43:44,484 [main] INFO  o.s.t.c.s.AnnotationConfigContextLoaderUtils - Could not detect default configuration classes for test class [com.interview.capitalonesignalmock.Code4ExpertRateLimiterTest]: Code4ExpertRateLimiterTest does not declare any static, non-private, non-final, nested classes annotated with @Configuration.
2025-09-24 17:43:44,490 [main] INFO  o.s.t.c.s.AnnotationConfigContextLoaderUtils - Could not detect default configuration classes for test class [com.interview.codesignal.CodeSignalTest]: CodeSignalTest does not declare any static, non-private, non-final, nested classes annotated with @Configuration.
2025-09-24 17:43:44,498 [main] INFO  o.s.t.c.s.AnnotationConfigContextLoaderUtils - Could not detect default configuration classes for test class [com.mycompany.davidlee.InventoryTest]: InventoryTest does not declare any static, non-private, non-final, nested classes annotated with @Configuration.
2025-09-24 17:43:44,507 [main] INFO  o.s.t.c.s.AnnotationConfigContextLoaderUtils - Could not detect default configuration classes for test class [com.mycompany.davidlee.ItemTest]: ItemTest does not declare any static, non-private, non-final, nested classes annotated with @Configuration.
2025-09-24 17:43:44,515 [main] INFO  o.s.t.c.s.AnnotationConfigContextLoaderUtils - Could not detect default configuration classes for test class [com.mycompany.davidlee.StoreRegisterTest]: StoreRegisterTest does not declare any static, non-private, non-final, nested classes annotated with @Configuration.
2025-09-24 17:43:44,524 [main] INFO  o.s.t.c.s.AnnotationConfigContextLoaderUtils - Could not detect default configuration classes for test class [com.sisllc.mathformulas.ci.ch04.BinarySearchTreeTest]: BinarySearchTreeTest does not declare any static, non-private, non-final, nested classes annotated with @Configuration.
2025-09-24 17:43:44,532 [main] INFO  o.s.t.c.s.AnnotationConfigContextLoaderUtils - Could not detect default configuration classes for test class [com.sisllc.mathformulas.ci.ch04.GraphSearchTest]: GraphSearchTest does not declare any static, non-private, non-final, nested classes annotated with @Configuration.
2025-09-24 17:43:44,541 [main] INFO  o.s.t.c.s.AnnotationConfigContextLoaderUtils - Could not detect default configuration classes for test class [com.sisllc.mathformulas.impl.FactorNumberIntoPrimeIntArrayTest]: FactorNumberIntoPrimeIntArrayTest does not declare any static, non-private, non-final, nested classes annotated with @Configuration.
2025-09-24 17:43:44,550 [main] INFO  o.s.t.c.s.AnnotationConfigContextLoaderUtils - Could not detect default configuration classes for test class [com.sisllc.mathformulas.impl.FibonacciRecursiveTest]: FibonacciRecursiveTest does not declare any static, non-private, non-final, nested classes annotated with @Configuration.
2025-09-24 17:43:44,559 [main] INFO  o.s.t.c.s.AnnotationConfigContextLoaderUtils - Could not detect default configuration classes for test class [com.sisllc.mathformulas.impl.MortgageCalculatorTest]: MortgageCalculatorTest does not declare any static, non-private, non-final, nested classes annotated with @Configuration.
2025-09-24 17:43:44,569 [main] INFO  o.s.t.c.s.AnnotationConfigContextLoaderUtils - Could not detect default configuration classes for test class [com.sisllc.mathformulas.impl.PrimeNumbersTest]: PrimeNumbersTest does not declare any static, non-private, non-final, nested classes annotated with @Configuration.
2025-09-24 17:43:44,578 [main] INFO  o.s.t.c.s.AnnotationConfigContextLoaderUtils - Could not detect default configuration classes for test class [com.sisllc.mathformulas.impl.ProductOfPrimesBetweenLToRTest]: ProductOfPrimesBetweenLToRTest does not declare any static, non-private, non-final, nested classes annotated with @Configuration.
2025-09-24 17:43:44,587 [main] INFO  o.s.t.c.s.AnnotationConfigContextLoaderUtils - Could not detect default configuration classes for test class [com.sisllc.mathformulas.impl.SumOfSquaresTest]: SumOfSquaresTest does not declare any static, non-private, non-final, nested classes annotated with @Configuration.
2025-09-24 17:43:44,596 [main] INFO  o.s.t.c.s.AnnotationConfigContextLoaderUtils - Could not detect default configuration classes for test class [com.sisllc.mathformulas.impl.UnionIntersDiffCompleTest]: UnionIntersDiffCompleTest does not declare any static, non-private, non-final, nested classes annotated with @Configuration.
2025-09-24 17:43:44,604 [main] INFO  o.s.t.c.s.AnnotationConfigContextLoaderUtils - Could not detect default configuration classes for test class [com.sisllc.mathformulas.stringmanipulation.CapitalizeFirstLetterTest]: CapitalizeFirstLetterTest does not declare any static, non-private, non-final, nested classes annotated with @Configuration.
2025-09-24 17:43:44,613 [main] INFO  o.s.t.c.s.AnnotationConfigContextLoaderUtils - Could not detect default configuration classes for test class [com.sisllc.mathformulas.stringmanipulation.ExampleTest]: ExampleTest does not declare any static, non-private, non-final, nested classes annotated with @Configuration.
2025-09-24 17:43:44,621 [main] INFO  o.s.t.c.s.AnnotationConfigContextLoaderUtils - Could not detect default configuration classes for test class [com.sisllc.mathformulas.utils.PhoneNumberExtensionTest]: PhoneNumberExtensionTest does not declare any static, non-private, non-final, nested classes annotated with @Configuration.
2025-09-24 17:43:44,630 [main] INFO  o.s.t.c.s.AnnotationConfigContextLoaderUtils - Could not detect default configuration classes for test class [com.sisllc.mathformulas.utils.ValidateNpiWithRegistryTest]: ValidateNpiWithRegistryTest does not declare any static, non-private, non-final, nested classes annotated with @Configuration.
2025-09-24 17:43:44,639 [main] INFO  o.s.t.c.s.AnnotationConfigContextLoaderUtils - Could not detect default configuration classes for test class [com.spring5.ProjectTest]: ProjectTest does not declare any static, non-private, non-final, nested classes annotated with @Configuration.
2025-09-24 17:43:46,940 [main] WARN  o.s.b.t.j.DuplicateJsonObjectContextCustomizerFactory$DuplicateJsonObjectContextCustomizer - 

Found multiple occurrences of org.json.JSONObject on the class path:

	jar:file:/C:/Users/javau/.m2/repository/org/json/json/20160810/json-20160810.jar!/org/json/JSONObject.class
	jar:file:/C:/Users/javau/.m2/repository/com/vaadin/external/google/android-json/0.0.20131108.vaadin1/android-json-0.0.20131108.vaadin1.jar!/org/json/JSONObject.class
	jar:file:/C:/Users/javau/.m2/repository/org/json/org.json/chargebee-1.0/org.json-chargebee-1.0.jar!/org/json/JSONObject.class

You may wish to exclude one of them to ensure predictable runtime behavior

2025-09-24 17:43:51,510 [main] WARN  o.s.b.t.j.DuplicateJsonObjectContextCustomizerFactory$DuplicateJsonObjectContextCustomizer - 

Found multiple occurrences of org.json.JSONObject on the class path:

	jar:file:/C:/Users/javau/.m2/repository/org/json/json/20160810/json-20160810.jar!/org/json/JSONObject.class
	jar:file:/C:/Users/javau/.m2/repository/com/vaadin/external/google/android-json/0.0.20131108.vaadin1/android-json-0.0.20131108.vaadin1.jar!/org/json/JSONObject.class
	jar:file:/C:/Users/javau/.m2/repository/org/json/org.json/chargebee-1.0/org.json-chargebee-1.0.jar!/org/json/JSONObject.class

You may wish to exclude one of them to ensure predictable runtime behavior

